{"/home/gabriele/GitHub/AppWebExam/my-scout-app/my-scout-app/src/assets/logo_uni.png": {"path":"/home/gabriele/GitHub/AppWebExam/my-scout-app/my-scout-app/src/assets/logo_uni.png","statementMap":{},"fnMap":{},"branchMap":{},"s":{},"f":{},"b":{},"meta":{"lastBranch":0,"lastFunction":0,"lastStatement":0,"seen":{}}}
,"/home/gabriele/GitHub/AppWebExam/my-scout-app/my-scout-app/src/models/Player.js": {"path":"/home/gabriele/GitHub/AppWebExam/my-scout-app/my-scout-app/src/models/Player.js","statementMap":{"0":{"start":{"line":22,"column":4},"end":{"line":34,"column":null}},"1":{"start":{"line":23,"column":6},"end":{"line":23,"column":null}},"2":{"start":{"line":24,"column":6},"end":{"line":24,"column":null}},"3":{"start":{"line":25,"column":6},"end":{"line":25,"column":null}},"4":{"start":{"line":26,"column":6},"end":{"line":26,"column":null}},"5":{"start":{"line":27,"column":6},"end":{"line":27,"column":null}},"6":{"start":{"line":28,"column":6},"end":{"line":28,"column":null}},"7":{"start":{"line":29,"column":6},"end":{"line":29,"column":null}},"8":{"start":{"line":30,"column":6},"end":{"line":30,"column":null}},"9":{"start":{"line":31,"column":6},"end":{"line":31,"column":null}},"10":{"start":{"line":32,"column":6},"end":{"line":32,"column":null}},"11":{"start":{"line":33,"column":6},"end":{"line":33,"column":13}},"12":{"start":{"line":37,"column":4},"end":{"line":37,"column":null}},"13":{"start":{"line":38,"column":4},"end":{"line":38,"column":null}},"14":{"start":{"line":39,"column":4},"end":{"line":39,"column":null}},"15":{"start":{"line":40,"column":4},"end":{"line":40,"column":null}},"16":{"start":{"line":41,"column":4},"end":{"line":41,"column":null}},"17":{"start":{"line":44,"column":18},"end":{"line":44,"column":47}},"18":{"start":{"line":45,"column":4},"end":{"line":45,"column":null}},"19":{"start":{"line":46,"column":4},"end":{"line":46,"column":null}},"20":{"start":{"line":47,"column":4},"end":{"line":47,"column":null}},"21":{"start":{"line":48,"column":4},"end":{"line":48,"column":null}},"22":{"start":{"line":49,"column":4},"end":{"line":49,"column":null}},"23":{"start":{"line":57,"column":4},"end":{"line":57,"column":null}}},"fnMap":{"0":{"name":"(anonymous_0)","decl":{"start":{"line":20,"column":2},"end":{"line":20,"column":13}},"loc":{"start":{"line":20,"column":23},"end":{"line":50,"column":null}},"line":20},"1":{"name":"(anonymous_1)","decl":{"start":{"line":56,"column":2},"end":{"line":56,"column":13}},"loc":{"start":{"line":56,"column":16},"end":{"line":58,"column":null}},"line":56}},"branchMap":{"0":{"loc":{"start":{"line":22,"column":4},"end":{"line":34,"column":null}},"type":"if","locations":[{"start":{"line":22,"column":4},"end":{"line":34,"column":null}},{"start":{},"end":{}}],"line":22},"1":{"loc":{"start":{"line":22,"column":8},"end":{"line":22,"column":37}},"type":"binary-expr","locations":[{"start":{"line":22,"column":8},"end":{"line":22,"column":23}},{"start":{"line":22,"column":27},"end":{"line":22,"column":37}}],"line":22},"2":{"loc":{"start":{"line":44,"column":18},"end":{"line":44,"column":47}},"type":"binary-expr","locations":[{"start":{"line":44,"column":18},"end":{"line":44,"column":41}},{"start":{"line":44,"column":45},"end":{"line":44,"column":47}}],"line":44},"3":{"loc":{"start":{"line":45,"column":20},"end":{"line":45,"column":50}},"type":"binary-expr","locations":[{"start":{"line":45,"column":20},"end":{"line":45,"column":41}},{"start":{"line":45,"column":45},"end":{"line":45,"column":50}}],"line":45},"4":{"loc":{"start":{"line":46,"column":16},"end":{"line":46,"column":41}},"type":"binary-expr","locations":[{"start":{"line":46,"column":16},"end":{"line":46,"column":32}},{"start":{"line":46,"column":36},"end":{"line":46,"column":41}}],"line":46},"5":{"loc":{"start":{"line":48,"column":18},"end":{"line":48,"column":46}},"type":"binary-expr","locations":[{"start":{"line":48,"column":18},"end":{"line":48,"column":37}},{"start":{"line":48,"column":41},"end":{"line":48,"column":46}}],"line":48},"6":{"loc":{"start":{"line":49,"column":17},"end":{"line":49,"column":40}},"type":"binary-expr","locations":[{"start":{"line":49,"column":17},"end":{"line":49,"column":35}},{"start":{"line":49,"column":39},"end":{"line":49,"column":40}}],"line":49},"7":{"loc":{"start":{"line":57,"column":11},"end":{"line":57,"column":65}},"type":"binary-expr","locations":[{"start":{"line":57,"column":11},"end":{"line":57,"column":32}},{"start":{"line":57,"column":36},"end":{"line":57,"column":65}}],"line":57}},"s":{"0":12,"1":4,"2":4,"3":4,"4":4,"5":4,"6":4,"7":4,"8":4,"9":4,"10":4,"11":4,"12":8,"13":12,"14":12,"15":12,"16":12,"17":12,"18":12,"19":12,"20":12,"21":12,"22":12,"23":2},"f":{"0":12,"1":2},"b":{"0":[4,8],"1":[12,4],"2":[12,3],"3":[12,8],"4":[12,3],"5":[12,3],"6":[12,5],"7":[2,2]},"meta":{"lastBranch":8,"lastFunction":2,"lastStatement":24,"seen":{"f:20:2:20:13":0,"b:22:4:34:Infinity:undefined:undefined:undefined:undefined":0,"s:22:4:34:Infinity":0,"b:22:8:22:23:22:27:22:37":1,"s:23:6:23:Infinity":1,"s:24:6:24:Infinity":2,"s:25:6:25:Infinity":3,"s:26:6:26:Infinity":4,"s:27:6:27:Infinity":5,"s:28:6:28:Infinity":6,"s:29:6:29:Infinity":7,"s:30:6:30:Infinity":8,"s:31:6:31:Infinity":9,"s:32:6:32:Infinity":10,"s:33:6:33:13":11,"s:37:4:37:Infinity":12,"s:38:4:38:Infinity":13,"s:39:4:39:Infinity":14,"s:40:4:40:Infinity":15,"s:41:4:41:Infinity":16,"s:44:18:44:47":17,"b:44:18:44:41:44:45:44:47":2,"s:45:4:45:Infinity":18,"b:45:20:45:41:45:45:45:50":3,"s:46:4:46:Infinity":19,"b:46:16:46:32:46:36:46:41":4,"s:47:4:47:Infinity":20,"s:48:4:48:Infinity":21,"b:48:18:48:37:48:41:48:46":5,"s:49:4:49:Infinity":22,"b:49:17:49:35:49:39:49:40":6,"f:56:2:56:13":1,"s:57:4:57:Infinity":23,"b:57:11:57:32:57:36:57:65":7}}}
,"/home/gabriele/GitHub/AppWebExam/my-scout-app/my-scout-app/src/services/PlayerService.js": {"path":"/home/gabriele/GitHub/AppWebExam/my-scout-app/my-scout-app/src/services/PlayerService.js","statementMap":{"0":{"start":{"line":17,"column":4},"end":{"line":17,"column":null}},"1":{"start":{"line":18,"column":4},"end":{"line":18,"column":null}},"2":{"start":{"line":19,"column":4},"end":{"line":19,"column":null}},"3":{"start":{"line":24,"column":4},"end":{"line":30,"column":null}},"4":{"start":{"line":36,"column":4},"end":{"line":36,"column":null}},"5":{"start":{"line":47,"column":4},"end":{"line":76,"column":null}},"6":{"start":{"line":48,"column":6},"end":{"line":48,"column":null}},"7":{"start":{"line":48,"column":24},"end":{"line":48,"column":null}},"8":{"start":{"line":50,"column":23},"end":{"line":56,"column":8}},"9":{"start":{"line":58,"column":19},"end":{"line":58,"column":40}},"10":{"start":{"line":60,"column":6},"end":{"line":73,"column":null}},"11":{"start":{"line":61,"column":27},"end":{"line":61,"column":57}},"12":{"start":{"line":62,"column":29},"end":{"line":62,"column":50}},"13":{"start":{"line":65,"column":8},"end":{"line":71,"column":null}},"14":{"start":{"line":66,"column":28},"end":{"line":69,"column":11}},"15":{"start":{"line":70,"column":10},"end":{"line":70,"column":null}},"16":{"start":{"line":72,"column":8},"end":{"line":72,"column":null}},"17":{"start":{"line":75,"column":6},"end":{"line":75,"column":null}},"18":{"start":{"line":77,"column":4},"end":{"line":77,"column":null}},"19":{"start":{"line":84,"column":19},"end":{"line":84,"column":54}},"20":{"start":{"line":85,"column":4},"end":{"line":85,"column":null}},"21":{"start":{"line":85,"column":17},"end":{"line":85,"column":null}},"22":{"start":{"line":86,"column":20},"end":{"line":86,"column":38}},"23":{"start":{"line":88,"column":4},"end":{"line":88,"column":null}},"24":{"start":{"line":88,"column":52},"end":{"line":88,"column":null}},"25":{"start":{"line":89,"column":4},"end":{"line":89,"column":null}},"26":{"start":{"line":97,"column":20},"end":{"line":97,"column":41}},"27":{"start":{"line":98,"column":4},"end":{"line":98,"column":null}},"28":{"start":{"line":99,"column":4},"end":{"line":99,"column":null}},"29":{"start":{"line":100,"column":4},"end":{"line":100,"column":null}},"30":{"start":{"line":108,"column":20},"end":{"line":108,"column":41}},"31":{"start":{"line":109,"column":4},"end":{"line":115,"column":null}},"32":{"start":{"line":119,"column":4},"end":{"line":122,"column":null}},"33":{"start":{"line":135,"column":4},"end":{"line":137,"column":null}},"34":{"start":{"line":136,"column":6},"end":{"line":136,"column":null}},"35":{"start":{"line":139,"column":27},"end":{"line":174,"column":8}},"36":{"start":{"line":140,"column":6},"end":{"line":173,"column":null}},"37":{"start":{"line":141,"column":24},"end":{"line":141,"column":45}},"38":{"start":{"line":143,"column":8},"end":{"line":143,"column":null}},"39":{"start":{"line":143,"column":46},"end":{"line":143,"column":null}},"40":{"start":{"line":145,"column":25},"end":{"line":151,"column":10}},"41":{"start":{"line":153,"column":8},"end":{"line":153,"column":null}},"42":{"start":{"line":153,"column":26},"end":{"line":153,"column":null}},"43":{"start":{"line":155,"column":21},"end":{"line":155,"column":42}},"44":{"start":{"line":158,"column":8},"end":{"line":161,"column":null}},"45":{"start":{"line":159,"column":24},"end":{"line":159,"column":53}},"46":{"start":{"line":160,"column":12},"end":{"line":160,"column":null}},"47":{"start":{"line":163,"column":8},"end":{"line":165,"column":null}},"48":{"start":{"line":164,"column":12},"end":{"line":164,"column":null}},"49":{"start":{"line":168,"column":8},"end":{"line":168,"column":null}},"50":{"start":{"line":169,"column":8},"end":{"line":169,"column":null}},"51":{"start":{"line":172,"column":8},"end":{"line":172,"column":null}},"52":{"start":{"line":176,"column":4},"end":{"line":176,"column":null}},"53":{"start":{"line":177,"column":4},"end":{"line":177,"column":null}},"54":{"start":{"line":182,"column":19},"end":{"line":182,"column":53}},"55":{"start":{"line":183,"column":26},"end":{"line":183,"column":79}},"56":{"start":{"line":184,"column":38},"end":{"line":184,"column":104}},"57":{"start":{"line":185,"column":54},"end":{"line":185,"column":131}},"58":{"start":{"line":186,"column":58},"end":{"line":186,"column":139}},"59":{"start":{"line":188,"column":4},"end":{"line":188,"column":92}},"60":{"start":{"line":192,"column":4},"end":{"line":192,"column":null}},"61":{"start":{"line":192,"column":46},"end":{"line":192,"column":null}},"62":{"start":{"line":193,"column":19},"end":{"line":193,"column":46}},"63":{"start":{"line":194,"column":17},"end":{"line":194,"column":95}},"64":{"start":{"line":195,"column":4},"end":{"line":195,"column":29}},"65":{"start":{"line":198,"column":30},"end":{"line":198,"column":103}},"66":{"start":{"line":199,"column":28},"end":{"line":199,"column":99}},"67":{"start":{"line":202,"column":22},"end":{"line":202,"column":61}}},"fnMap":{"0":{"name":"(anonymous_0)","decl":{"start":{"line":16,"column":2},"end":{"line":16,"column":13}},"loc":{"start":{"line":16,"column":16},"end":{"line":37,"column":null}},"line":16},"1":{"name":"(anonymous_1)","decl":{"start":{"line":46,"column":8},"end":{"line":46,"column":24}},"loc":{"start":{"line":46,"column":27},"end":{"line":78,"column":null}},"line":46},"2":{"name":"(anonymous_2)","decl":{"start":{"line":83,"column":2},"end":{"line":83,"column":16}},"loc":{"start":{"line":83,"column":19},"end":{"line":90,"column":null}},"line":83},"3":{"name":"(anonymous_3)","decl":{"start":{"line":96,"column":2},"end":{"line":96,"column":22}},"loc":{"start":{"line":96,"column":25},"end":{"line":101,"column":null}},"line":96},"4":{"name":"(anonymous_4)","decl":{"start":{"line":107,"column":2},"end":{"line":107,"column":13}},"loc":{"start":{"line":107,"column":16},"end":{"line":116,"column":null}},"line":107},"5":{"name":"(anonymous_5)","decl":{"start":{"line":118,"column":2},"end":{"line":118,"column":14}},"loc":{"start":{"line":118,"column":17},"end":{"line":123,"column":null}},"line":118},"6":{"name":"(anonymous_6)","decl":{"start":{"line":133,"column":8},"end":{"line":133,"column":16}},"loc":{"start":{"line":133,"column":27},"end":{"line":178,"column":null}},"line":133},"7":{"name":"(anonymous_7)","decl":{"start":{"line":139,"column":28},"end":{"line":139,"column":33}},"loc":{"start":{"line":139,"column":40},"end":{"line":174,"column":5}},"line":139},"8":{"name":"(anonymous_8)","decl":{"start":{"line":182,"column":2},"end":{"line":182,"column":14}},"loc":{"start":{"line":182,"column":17},"end":{"line":182,"column":null}},"line":182},"9":{"name":"(anonymous_9)","decl":{"start":{"line":183,"column":2},"end":{"line":183,"column":12}},"loc":{"start":{"line":183,"column":24},"end":{"line":183,"column":null}},"line":183},"10":{"name":"(anonymous_10)","decl":{"start":{"line":184,"column":2},"end":{"line":184,"column":10}},"loc":{"start":{"line":184,"column":36},"end":{"line":184,"column":null}},"line":184},"11":{"name":"(anonymous_11)","decl":{"start":{"line":185,"column":2},"end":{"line":185,"column":18}},"loc":{"start":{"line":185,"column":52},"end":{"line":185,"column":null}},"line":185},"12":{"name":"(anonymous_12)","decl":{"start":{"line":186,"column":2},"end":{"line":186,"column":20}},"loc":{"start":{"line":186,"column":56},"end":{"line":186,"column":null}},"line":186},"13":{"name":"(anonymous_13)","decl":{"start":{"line":187,"column":2},"end":{"line":187,"column":20}},"loc":{"start":{"line":187,"column":41},"end":{"line":189,"column":null}},"line":187},"14":{"name":"(anonymous_14)","decl":{"start":{"line":191,"column":8},"end":{"line":191,"column":26}},"loc":{"start":{"line":191,"column":54},"end":{"line":196,"column":null}},"line":191},"15":{"name":"(anonymous_15)","decl":{"start":{"line":198,"column":2},"end":{"line":198,"column":15}},"loc":{"start":{"line":198,"column":28},"end":{"line":198,"column":null}},"line":198},"16":{"name":"(anonymous_16)","decl":{"start":{"line":199,"column":2},"end":{"line":199,"column":13}},"loc":{"start":{"line":199,"column":26},"end":{"line":199,"column":null}},"line":199},"17":{"name":"(anonymous_17)","decl":{"start":{"line":202,"column":2},"end":{"line":202,"column":17}},"loc":{"start":{"line":202,"column":20},"end":{"line":202,"column":null}},"line":202}},"branchMap":{"0":{"loc":{"start":{"line":48,"column":6},"end":{"line":48,"column":null}},"type":"if","locations":[{"start":{"line":48,"column":6},"end":{"line":48,"column":null}},{"start":{},"end":{}}],"line":48},"1":{"loc":{"start":{"line":60,"column":6},"end":{"line":73,"column":null}},"type":"if","locations":[{"start":{"line":60,"column":6},"end":{"line":73,"column":null}},{"start":{},"end":{}}],"line":60},"2":{"loc":{"start":{"line":60,"column":10},"end":{"line":60,"column":49}},"type":"binary-expr","locations":[{"start":{"line":60,"column":10},"end":{"line":60,"column":23}},{"start":{"line":60,"column":27},"end":{"line":60,"column":49}}],"line":60},"3":{"loc":{"start":{"line":65,"column":8},"end":{"line":71,"column":null}},"type":"if","locations":[{"start":{"line":65,"column":8},"end":{"line":71,"column":null}},{"start":{},"end":{}}],"line":65},"4":{"loc":{"start":{"line":85,"column":4},"end":{"line":85,"column":null}},"type":"if","locations":[{"start":{"line":85,"column":4},"end":{"line":85,"column":null}},{"start":{},"end":{}}],"line":85},"5":{"loc":{"start":{"line":88,"column":4},"end":{"line":88,"column":null}},"type":"if","locations":[{"start":{"line":88,"column":4},"end":{"line":88,"column":null}},{"start":{},"end":{}}],"line":88},"6":{"loc":{"start":{"line":135,"column":4},"end":{"line":137,"column":null}},"type":"if","locations":[{"start":{"line":135,"column":4},"end":{"line":137,"column":null}},{"start":{},"end":{}}],"line":135},"7":{"loc":{"start":{"line":143,"column":8},"end":{"line":143,"column":null}},"type":"if","locations":[{"start":{"line":143,"column":8},"end":{"line":143,"column":null}},{"start":{},"end":{}}],"line":143},"8":{"loc":{"start":{"line":153,"column":8},"end":{"line":153,"column":null}},"type":"if","locations":[{"start":{"line":153,"column":8},"end":{"line":153,"column":null}},{"start":{},"end":{}}],"line":153},"9":{"loc":{"start":{"line":158,"column":8},"end":{"line":161,"column":null}},"type":"if","locations":[{"start":{"line":158,"column":8},"end":{"line":161,"column":null}},{"start":{},"end":{}}],"line":158},"10":{"loc":{"start":{"line":158,"column":12},"end":{"line":158,"column":62}},"type":"binary-expr","locations":[{"start":{"line":158,"column":12},"end":{"line":158,"column":23}},{"start":{"line":158,"column":27},"end":{"line":158,"column":62}}],"line":158},"11":{"loc":{"start":{"line":163,"column":8},"end":{"line":165,"column":null}},"type":"if","locations":[{"start":{"line":163,"column":8},"end":{"line":165,"column":null}},{"start":{},"end":{}}],"line":163},"12":{"loc":{"start":{"line":184,"column":21},"end":{"line":184,"column":34}},"type":"default-arg","locations":[{"start":{"line":184,"column":30},"end":{"line":184,"column":34}}],"line":184},"13":{"loc":{"start":{"line":185,"column":27},"end":{"line":185,"column":40}},"type":"default-arg","locations":[{"start":{"line":185,"column":36},"end":{"line":185,"column":40}}],"line":185},"14":{"loc":{"start":{"line":185,"column":42},"end":{"line":185,"column":50}},"type":"default-arg","locations":[{"start":{"line":185,"column":49},"end":{"line":185,"column":50}}],"line":185},"15":{"loc":{"start":{"line":186,"column":31},"end":{"line":186,"column":44}},"type":"default-arg","locations":[{"start":{"line":186,"column":40},"end":{"line":186,"column":44}}],"line":186},"16":{"loc":{"start":{"line":186,"column":46},"end":{"line":186,"column":54}},"type":"default-arg","locations":[{"start":{"line":186,"column":53},"end":{"line":186,"column":54}}],"line":186},"17":{"loc":{"start":{"line":191,"column":39},"end":{"line":191,"column":52}},"type":"default-arg","locations":[{"start":{"line":191,"column":48},"end":{"line":191,"column":52}}],"line":191},"18":{"loc":{"start":{"line":192,"column":4},"end":{"line":192,"column":null}},"type":"if","locations":[{"start":{"line":192,"column":4},"end":{"line":192,"column":null}},{"start":{},"end":{}}],"line":192}},"s":{"0":6,"1":6,"2":6,"3":6,"4":6,"5":4,"6":4,"7":0,"8":4,"9":2,"10":2,"11":2,"12":2,"13":2,"14":1,"15":1,"16":2,"17":0,"18":0,"19":7,"20":7,"21":3,"22":4,"23":4,"24":0,"25":4,"26":1,"27":1,"28":1,"29":1,"30":2,"31":2,"32":4,"33":2,"34":0,"35":2,"36":2,"37":2,"38":2,"39":0,"40":2,"41":2,"42":1,"43":1,"44":1,"45":0,"46":0,"47":1,"48":0,"49":1,"50":1,"51":2,"52":2,"53":2,"54":2,"55":0,"56":0,"57":0,"58":0,"59":0,"60":0,"61":0,"62":0,"63":0,"64":0,"65":0,"66":0,"67":0},"f":{"0":6,"1":4,"2":7,"3":1,"4":2,"5":4,"6":2,"7":2,"8":2,"9":0,"10":0,"11":0,"12":0,"13":0,"14":0,"15":0,"16":0,"17":0},"b":{"0":[0,4],"1":[2,0],"2":[2,2],"3":[1,1],"4":[3,4],"5":[0,4],"6":[0,2],"7":[0,2],"8":[1,1],"9":[0,1],"10":[1,0],"11":[0,1],"12":[0],"13":[0],"14":[0],"15":[0],"16":[0],"17":[0],"18":[0,0]},"meta":{"lastBranch":19,"lastFunction":18,"lastStatement":68,"seen":{"f:16:2:16:13":0,"s:17:4:17:Infinity":0,"s:18:4:18:Infinity":1,"s:19:4:19:Infinity":2,"s:24:4:30:Infinity":3,"s:36:4:36:Infinity":4,"f:46:8:46:24":1,"s:47:4:76:Infinity":5,"b:48:6:48:Infinity:undefined:undefined:undefined:undefined":0,"s:48:6:48:Infinity":6,"s:48:24:48:Infinity":7,"s:50:23:56:8":8,"s:58:19:58:40":9,"b:60:6:73:Infinity:undefined:undefined:undefined:undefined":1,"s:60:6:73:Infinity":10,"b:60:10:60:23:60:27:60:49":2,"s:61:27:61:57":11,"s:62:29:62:50":12,"b:65:8:71:Infinity:undefined:undefined:undefined:undefined":3,"s:65:8:71:Infinity":13,"s:66:28:69:11":14,"s:70:10:70:Infinity":15,"s:72:8:72:Infinity":16,"s:75:6:75:Infinity":17,"s:77:4:77:Infinity":18,"f:83:2:83:16":2,"s:84:19:84:54":19,"b:85:4:85:Infinity:undefined:undefined:undefined:undefined":4,"s:85:4:85:Infinity":20,"s:85:17:85:Infinity":21,"s:86:20:86:38":22,"b:88:4:88:Infinity:undefined:undefined:undefined:undefined":5,"s:88:4:88:Infinity":23,"s:88:52:88:Infinity":24,"s:89:4:89:Infinity":25,"f:96:2:96:22":3,"s:97:20:97:41":26,"s:98:4:98:Infinity":27,"s:99:4:99:Infinity":28,"s:100:4:100:Infinity":29,"f:107:2:107:13":4,"s:108:20:108:41":30,"s:109:4:115:Infinity":31,"f:118:2:118:14":5,"s:119:4:122:Infinity":32,"f:133:8:133:16":6,"b:135:4:137:Infinity:undefined:undefined:undefined:undefined":6,"s:135:4:137:Infinity":33,"s:136:6:136:Infinity":34,"s:139:27:174:8":35,"f:139:28:139:33":7,"s:140:6:173:Infinity":36,"s:141:24:141:45":37,"b:143:8:143:Infinity:undefined:undefined:undefined:undefined":7,"s:143:8:143:Infinity":38,"s:143:46:143:Infinity":39,"s:145:25:151:10":40,"b:153:8:153:Infinity:undefined:undefined:undefined:undefined":8,"s:153:8:153:Infinity":41,"s:153:26:153:Infinity":42,"s:155:21:155:42":43,"b:158:8:161:Infinity:undefined:undefined:undefined:undefined":9,"s:158:8:161:Infinity":44,"b:158:12:158:23:158:27:158:62":10,"s:159:24:159:53":45,"s:160:12:160:Infinity":46,"b:163:8:165:Infinity:undefined:undefined:undefined:undefined":11,"s:163:8:165:Infinity":47,"s:164:12:164:Infinity":48,"s:168:8:168:Infinity":49,"s:169:8:169:Infinity":50,"s:172:8:172:Infinity":51,"s:176:4:176:Infinity":52,"s:177:4:177:Infinity":53,"f:182:2:182:14":8,"s:182:19:182:53":54,"f:183:2:183:12":9,"s:183:26:183:79":55,"f:184:2:184:10":10,"b:184:30:184:34":12,"s:184:38:184:104":56,"f:185:2:185:18":11,"b:185:36:185:40":13,"b:185:49:185:50":14,"s:185:54:185:131":57,"f:186:2:186:20":12,"b:186:40:186:44":15,"b:186:53:186:54":16,"s:186:58:186:139":58,"f:187:2:187:20":13,"s:188:4:188:92":59,"f:191:8:191:26":14,"b:191:48:191:52":17,"b:192:4:192:Infinity:undefined:undefined:undefined:undefined":18,"s:192:4:192:Infinity":60,"s:192:46:192:Infinity":61,"s:193:19:193:46":62,"s:194:17:194:95":63,"s:195:4:195:29":64,"f:198:2:198:15":15,"s:198:30:198:103":65,"f:199:2:199:13":16,"s:199:28:199:99":66,"f:202:2:202:17":17,"s:202:22:202:61":67}}}
,"/home/gabriele/GitHub/AppWebExam/my-scout-app/my-scout-app/src/styles/ApiCounter.module.css": {"path":"/home/gabriele/GitHub/AppWebExam/my-scout-app/my-scout-app/src/styles/ApiCounter.module.css","statementMap":{},"fnMap":{},"branchMap":{},"s":{},"f":{},"b":{},"meta":{"lastBranch":0,"lastFunction":0,"lastStatement":0,"seen":{}}}
,"/home/gabriele/GitHub/AppWebExam/my-scout-app/my-scout-app/src/styles/ApiDebug.module.css": {"path":"/home/gabriele/GitHub/AppWebExam/my-scout-app/my-scout-app/src/styles/ApiDebug.module.css","statementMap":{},"fnMap":{},"branchMap":{},"s":{},"f":{},"b":{},"meta":{"lastBranch":0,"lastFunction":0,"lastStatement":0,"seen":{}}}
,"/home/gabriele/GitHub/AppWebExam/my-scout-app/my-scout-app/src/styles/Card.module.css": {"path":"/home/gabriele/GitHub/AppWebExam/my-scout-app/my-scout-app/src/styles/Card.module.css","statementMap":{},"fnMap":{},"branchMap":{},"s":{},"f":{},"b":{},"meta":{"lastBranch":0,"lastFunction":0,"lastStatement":0,"seen":{}}}
,"/home/gabriele/GitHub/AppWebExam/my-scout-app/my-scout-app/src/styles/FilterBar.module.css": {"path":"/home/gabriele/GitHub/AppWebExam/my-scout-app/my-scout-app/src/styles/FilterBar.module.css","statementMap":{},"fnMap":{},"branchMap":{},"s":{},"f":{},"b":{},"meta":{"lastBranch":0,"lastFunction":0,"lastStatement":0,"seen":{}}}
,"/home/gabriele/GitHub/AppWebExam/my-scout-app/my-scout-app/src/styles/HomePage.module.css": {"path":"/home/gabriele/GitHub/AppWebExam/my-scout-app/my-scout-app/src/styles/HomePage.module.css","statementMap":{},"fnMap":{},"branchMap":{},"s":{},"f":{},"b":{},"meta":{"lastBranch":0,"lastFunction":0,"lastStatement":0,"seen":{}}}
,"/home/gabriele/GitHub/AppWebExam/my-scout-app/my-scout-app/src/styles/Layout.module.css": {"path":"/home/gabriele/GitHub/AppWebExam/my-scout-app/my-scout-app/src/styles/Layout.module.css","statementMap":{},"fnMap":{},"branchMap":{},"s":{},"f":{},"b":{},"meta":{"lastBranch":0,"lastFunction":0,"lastStatement":0,"seen":{}}}
,"/home/gabriele/GitHub/AppWebExam/my-scout-app/my-scout-app/src/styles/PlayerCard.module.css": {"path":"/home/gabriele/GitHub/AppWebExam/my-scout-app/my-scout-app/src/styles/PlayerCard.module.css","statementMap":{},"fnMap":{},"branchMap":{},"s":{},"f":{},"b":{},"meta":{"lastBranch":0,"lastFunction":0,"lastStatement":0,"seen":{}}}
,"/home/gabriele/GitHub/AppWebExam/my-scout-app/my-scout-app/src/styles/PlayerDetailView.module.css": {"path":"/home/gabriele/GitHub/AppWebExam/my-scout-app/my-scout-app/src/styles/PlayerDetailView.module.css","statementMap":{},"fnMap":{},"branchMap":{},"s":{},"f":{},"b":{},"meta":{"lastBranch":0,"lastFunction":0,"lastStatement":0,"seen":{}}}
,"/home/gabriele/GitHub/AppWebExam/my-scout-app/my-scout-app/src/styles/SearchResults.module.css": {"path":"/home/gabriele/GitHub/AppWebExam/my-scout-app/my-scout-app/src/styles/SearchResults.module.css","statementMap":{},"fnMap":{},"branchMap":{},"s":{},"f":{},"b":{},"meta":{"lastBranch":0,"lastFunction":0,"lastStatement":0,"seen":{}}}
,"/home/gabriele/GitHub/AppWebExam/my-scout-app/my-scout-app/src/viewmodels/useApiUsageViewModel.js": {"path":"/home/gabriele/GitHub/AppWebExam/my-scout-app/my-scout-app/src/viewmodels/useApiUsageViewModel.js","statementMap":{"0":{"start":{"line":12,"column":27},"end":{"line":12,"column":42}},"1":{"start":{"line":13,"column":18},"end":{"line":13,"column":57}},"2":{"start":{"line":14,"column":35},"end":{"line":14,"column":51}},"3":{"start":{"line":20,"column":21},"end":{"line":30,"column":8}},"4":{"start":{"line":21,"column":4},"end":{"line":21,"column":null}},"5":{"start":{"line":21,"column":19},"end":{"line":21,"column":null}},"6":{"start":{"line":24,"column":17},"end":{"line":26,"column":35}},"7":{"start":{"line":28,"column":4},"end":{"line":28,"column":null}},"8":{"start":{"line":29,"column":4},"end":{"line":29,"column":null}},"9":{"start":{"line":29,"column":19},"end":{"line":29,"column":null}},"10":{"start":{"line":32,"column":1},"end":{"line":46,"column":null}},"11":{"start":{"line":34,"column":4},"end":{"line":34,"column":null}},"12":{"start":{"line":37,"column":26},"end":{"line":37,"column":76}},"13":{"start":{"line":37,"column":44},"end":{"line":37,"column":62}},"14":{"start":{"line":40,"column":27},"end":{"line":40,"column":70}},"15":{"start":{"line":40,"column":45},"end":{"line":40,"column":62}},"16":{"start":{"line":42,"column":4},"end":{"line":45,"column":null}},"17":{"start":{"line":43,"column":6},"end":{"line":43,"column":null}},"18":{"start":{"line":44,"column":6},"end":{"line":44,"column":null}},"19":{"start":{"line":49,"column":23},"end":{"line":52,"column":3}},"20":{"start":{"line":50,"column":4},"end":{"line":50,"column":null}},"21":{"start":{"line":51,"column":4},"end":{"line":51,"column":null}},"22":{"start":{"line":57,"column":21},"end":{"line":67,"column":3}},"23":{"start":{"line":58,"column":25},"end":{"line":58,"column":27}},"24":{"start":{"line":59,"column":4},"end":{"line":64,"column":null}},"25":{"start":{"line":59,"column":17},"end":{"line":59,"column":18}},"26":{"start":{"line":60,"column":18},"end":{"line":60,"column":37}},"27":{"start":{"line":61,"column":6},"end":{"line":63,"column":null}},"28":{"start":{"line":62,"column":8},"end":{"line":62,"column":null}},"29":{"start":{"line":65,"column":4},"end":{"line":65,"column":null}},"30":{"start":{"line":65,"column":32},"end":{"line":65,"column":60}},"31":{"start":{"line":66,"column":4},"end":{"line":66,"column":null}},"32":{"start":{"line":69,"column":2},"end":{"line":69,"column":null}},"33":{"start":{"line":69,"column":85},"end":{"line":69,"column":102}}},"fnMap":{"0":{"name":"useApiUsageViewModel","decl":{"start":{"line":11,"column":16},"end":{"line":11,"column":36}},"loc":{"start":{"line":11,"column":57},"end":{"line":70,"column":null}},"line":11},"1":{"name":"(anonymous_1)","decl":{"start":{"line":20,"column":34},"end":{"line":20,"column":39}},"loc":{"start":{"line":20,"column":63},"end":{"line":30,"column":3}},"line":20},"2":{"name":"(anonymous_2)","decl":{"start":{"line":32,"column":12},"end":{"line":32,"column":13}},"loc":{"start":{"line":32,"column":18},"end":{"line":46,"column":3}},"line":32},"3":{"name":"(anonymous_3)","decl":{"start":{"line":37,"column":38},"end":{"line":37,"column":39}},"loc":{"start":{"line":37,"column":44},"end":{"line":37,"column":62}},"line":37},"4":{"name":"(anonymous_4)","decl":{"start":{"line":40,"column":39},"end":{"line":40,"column":40}},"loc":{"start":{"line":40,"column":45},"end":{"line":40,"column":62}},"line":40},"5":{"name":"(anonymous_5)","decl":{"start":{"line":42,"column":11},"end":{"line":42,"column":12}},"loc":{"start":{"line":42,"column":17},"end":{"line":45,"column":5}},"line":42},"6":{"name":"(anonymous_6)","decl":{"start":{"line":49,"column":23},"end":{"line":49,"column":24}},"loc":{"start":{"line":49,"column":29},"end":{"line":52,"column":3}},"line":49},"7":{"name":"(anonymous_7)","decl":{"start":{"line":57,"column":21},"end":{"line":57,"column":22}},"loc":{"start":{"line":57,"column":27},"end":{"line":67,"column":3}},"line":57},"8":{"name":"(anonymous_8)","decl":{"start":{"line":65,"column":25},"end":{"line":65,"column":28}},"loc":{"start":{"line":65,"column":32},"end":{"line":65,"column":60}},"line":65},"9":{"name":"(anonymous_9)","decl":{"start":{"line":69,"column":79},"end":{"line":69,"column":80}},"loc":{"start":{"line":69,"column":85},"end":{"line":69,"column":102}},"line":69}},"branchMap":{"0":{"loc":{"start":{"line":11,"column":37},"end":{"line":11,"column":55}},"type":"default-arg","locations":[{"start":{"line":11,"column":51},"end":{"line":11,"column":55}}],"line":11},"1":{"loc":{"start":{"line":20,"column":41},"end":{"line":20,"column":58}},"type":"default-arg","locations":[{"start":{"line":20,"column":53},"end":{"line":20,"column":58}}],"line":20},"2":{"loc":{"start":{"line":21,"column":4},"end":{"line":21,"column":null}},"type":"if","locations":[{"start":{"line":21,"column":4},"end":{"line":21,"column":null}},{"start":{},"end":{}}],"line":21},"3":{"loc":{"start":{"line":24,"column":17},"end":{"line":26,"column":35}},"type":"cond-expr","locations":[{"start":{"line":25,"column":8},"end":{"line":25,"column":46}},{"start":{"line":26,"column":8},"end":{"line":26,"column":35}}],"line":24},"4":{"loc":{"start":{"line":29,"column":4},"end":{"line":29,"column":null}},"type":"if","locations":[{"start":{"line":29,"column":4},"end":{"line":29,"column":null}},{"start":{},"end":{}}],"line":29},"5":{"loc":{"start":{"line":61,"column":6},"end":{"line":63,"column":null}},"type":"if","locations":[{"start":{"line":61,"column":6},"end":{"line":63,"column":null}},{"start":{},"end":{}}],"line":61},"6":{"loc":{"start":{"line":61,"column":10},"end":{"line":61,"column":43}},"type":"binary-expr","locations":[{"start":{"line":61,"column":10},"end":{"line":61,"column":13}},{"start":{"line":61,"column":17},"end":{"line":61,"column":43}}],"line":61}},"s":{"0":18,"1":18,"2":18,"3":18,"4":10,"5":6,"6":10,"7":10,"8":10,"9":4,"10":18,"11":6,"12":6,"13":3,"14":6,"15":0,"16":6,"17":6,"18":6,"19":18,"20":1,"21":1,"22":18,"23":1,"24":1,"25":1,"26":2,"27":2,"28":1,"29":1,"30":1,"31":1,"32":18,"33":0},"f":{"0":18,"1":10,"2":6,"3":3,"4":0,"5":6,"6":1,"7":1,"8":1,"9":0},"b":{"0":[18],"1":[10],"2":[6,4],"3":[6,4],"4":[4,6],"5":[1,1],"6":[2,2]},"meta":{"lastBranch":7,"lastFunction":10,"lastStatement":34,"seen":{"f:11:16:11:36":0,"b:11:51:11:55":0,"s:12:27:12:42":0,"s:13:18:13:57":1,"s:14:35:14:51":2,"s:20:21:30:8":3,"f:20:34:20:39":1,"b:20:53:20:58":1,"b:21:4:21:Infinity:undefined:undefined:undefined:undefined":2,"s:21:4:21:Infinity":4,"s:21:19:21:Infinity":5,"s:24:17:26:35":6,"b:25:8:25:46:26:8:26:35":3,"s:28:4:28:Infinity":7,"b:29:4:29:Infinity:undefined:undefined:undefined:undefined":4,"s:29:4:29:Infinity":8,"s:29:19:29:Infinity":9,"s:32:1:46:Infinity":10,"f:32:12:32:13":2,"s:34:4:34:Infinity":11,"s:37:26:37:76":12,"f:37:38:37:39":3,"s:37:44:37:62":13,"s:40:27:40:70":14,"f:40:39:40:40":4,"s:40:45:40:62":15,"s:42:4:45:Infinity":16,"f:42:11:42:12":5,"s:43:6:43:Infinity":17,"s:44:6:44:Infinity":18,"s:49:23:52:3":19,"f:49:23:49:24":6,"s:50:4:50:Infinity":20,"s:51:4:51:Infinity":21,"s:57:21:67:3":22,"f:57:21:57:22":7,"s:58:25:58:27":23,"s:59:4:64:Infinity":24,"s:59:17:59:18":25,"s:60:18:60:37":26,"b:61:6:63:Infinity:undefined:undefined:undefined:undefined":5,"s:61:6:63:Infinity":27,"b:61:10:61:13:61:17:61:43":6,"s:62:8:62:Infinity":28,"s:65:4:65:Infinity":29,"f:65:25:65:28":8,"s:65:32:65:60":30,"s:66:4:66:Infinity":31,"s:69:2:69:Infinity":32,"f:69:79:69:80":9,"s:69:85:69:102":33}}}
,"/home/gabriele/GitHub/AppWebExam/my-scout-app/my-scout-app/src/viewmodels/useNationalTeamsViewModel.js": {"path":"/home/gabriele/GitHub/AppWebExam/my-scout-app/my-scout-app/src/viewmodels/useNationalTeamsViewModel.js","statementMap":{"0":{"start":{"line":50,"column":27},"end":{"line":50,"column":40}},"1":{"start":{"line":56,"column":31},"end":{"line":56,"column":46}},"2":{"start":{"line":63,"column":21},"end":{"line":63,"column":106}},"3":{"start":{"line":65,"column":1},"end":{"line":124,"column":9}},"4":{"start":{"line":80,"column":31},"end":{"line":121,"column":5}},"5":{"start":{"line":81,"column":23},"end":{"line":81,"column":45}},"6":{"start":{"line":82,"column":25},"end":{"line":82,"column":55}},"7":{"start":{"line":85,"column":6},"end":{"line":89,"column":null}},"8":{"start":{"line":86,"column":8},"end":{"line":86,"column":null}},"9":{"start":{"line":87,"column":8},"end":{"line":87,"column":null}},"10":{"start":{"line":88,"column":8},"end":{"line":88,"column":null}},"11":{"start":{"line":91,"column":6},"end":{"line":91,"column":null}},"12":{"start":{"line":92,"column":6},"end":{"line":120,"column":null}},"13":{"start":{"line":94,"column":25},"end":{"line":94,"column":80}},"14":{"start":{"line":94,"column":48},"end":{"line":94,"column":79}},"15":{"start":{"line":95,"column":24},"end":{"line":95,"column":51}},"16":{"start":{"line":98,"column":30},"end":{"line":105,"column":13}},"17":{"start":{"line":100,"column":26},"end":{"line":100,"column":44}},"18":{"start":{"line":101,"column":24},"end":{"line":105,"column":11}},"19":{"start":{"line":108,"column":28},"end":{"line":108,"column":91}},"20":{"start":{"line":108,"column":70},"end":{"line":108,"column":79}},"21":{"start":{"line":111,"column":8},"end":{"line":113,"column":null}},"22":{"start":{"line":112,"column":10},"end":{"line":112,"column":null}},"23":{"start":{"line":115,"column":8},"end":{"line":115,"column":null}},"24":{"start":{"line":117,"column":8},"end":{"line":117,"column":null}},"25":{"start":{"line":119,"column":8},"end":{"line":119,"column":null}},"26":{"start":{"line":123,"column":4},"end":{"line":123,"column":null}},"27":{"start":{"line":126,"column":2},"end":{"line":126,"column":null}}},"fnMap":{"0":{"name":"useNationalTeamsViewModel","decl":{"start":{"line":45,"column":16},"end":{"line":45,"column":41}},"loc":{"start":{"line":45,"column":44},"end":{"line":127,"column":null}},"line":45},"1":{"name":"(anonymous_1)","decl":{"start":{"line":65,"column":12},"end":{"line":65,"column":13}},"loc":{"start":{"line":65,"column":18},"end":{"line":124,"column":3}},"line":65},"2":{"name":"(anonymous_2)","decl":{"start":{"line":80,"column":31},"end":{"line":80,"column":36}},"loc":{"start":{"line":80,"column":43},"end":{"line":121,"column":5}},"line":80},"3":{"name":"(anonymous_3)","decl":{"start":{"line":94,"column":40},"end":{"line":94,"column":44}},"loc":{"start":{"line":94,"column":48},"end":{"line":94,"column":79}},"line":94},"4":{"name":"(anonymous_4)","decl":{"start":{"line":100,"column":18},"end":{"line":100,"column":22}},"loc":{"start":{"line":100,"column":26},"end":{"line":100,"column":44}},"line":100},"5":{"name":"(anonymous_5)","decl":{"start":{"line":101,"column":15},"end":{"line":101,"column":19}},"loc":{"start":{"line":101,"column":24},"end":{"line":105,"column":11}},"line":101},"6":{"name":"(anonymous_6)","decl":{"start":{"line":108,"column":65},"end":{"line":108,"column":66}},"loc":{"start":{"line":108,"column":70},"end":{"line":108,"column":79}},"line":108}},"branchMap":{"0":{"loc":{"start":{"line":85,"column":6},"end":{"line":89,"column":null}},"type":"if","locations":[{"start":{"line":85,"column":6},"end":{"line":89,"column":null}},{"start":{},"end":{}}],"line":85},"1":{"loc":{"start":{"line":111,"column":8},"end":{"line":113,"column":null}},"type":"if","locations":[{"start":{"line":111,"column":8},"end":{"line":113,"column":null}},{"start":{},"end":{}}],"line":111}},"s":{"0":2,"1":2,"2":2,"3":2,"4":1,"5":1,"6":1,"7":1,"8":0,"9":0,"10":0,"11":1,"12":1,"13":1,"14":8,"15":1,"16":1,"17":16,"18":8,"19":1,"20":8,"21":1,"22":1,"23":1,"24":0,"25":1,"26":1,"27":2},"f":{"0":2,"1":1,"2":1,"3":8,"4":16,"5":8,"6":8},"b":{"0":[0,1],"1":[1,0]},"meta":{"lastBranch":2,"lastFunction":7,"lastStatement":28,"seen":{"f:45:16:45:41":0,"s:50:27:50:40":0,"s:56:31:56:46":1,"s:63:21:63:106":2,"s:65:1:124:9":3,"f:65:12:65:13":1,"s:80:31:121:5":4,"f:80:31:80:36":2,"s:81:23:81:45":5,"s:82:25:82:55":6,"b:85:6:89:Infinity:undefined:undefined:undefined:undefined":0,"s:85:6:89:Infinity":7,"s:86:8:86:Infinity":8,"s:87:8:87:Infinity":9,"s:88:8:88:Infinity":10,"s:91:6:91:Infinity":11,"s:92:6:120:Infinity":12,"s:94:25:94:80":13,"f:94:40:94:44":3,"s:94:48:94:79":14,"s:95:24:95:51":15,"s:98:30:105:13":16,"f:100:18:100:22":4,"s:100:26:100:44":17,"f:101:15:101:19":5,"s:101:24:105:11":18,"s:108:28:108:91":19,"f:108:65:108:66":6,"s:108:70:108:79":20,"b:111:8:113:Infinity:undefined:undefined:undefined:undefined":1,"s:111:8:113:Infinity":21,"s:112:10:112:Infinity":22,"s:115:8:115:Infinity":23,"s:117:8:117:Infinity":24,"s:119:8:119:Infinity":25,"s:123:4:123:Infinity":26,"s:126:2:126:Infinity":27}}}
,"/home/gabriele/GitHub/AppWebExam/my-scout-app/my-scout-app/src/viewmodels/useNationsViewModel.js": {"path":"/home/gabriele/GitHub/AppWebExam/my-scout-app/my-scout-app/src/viewmodels/useNationsViewModel.js","statementMap":{"0":{"start":{"line":22,"column":31},"end":{"line":22,"column":44}},"1":{"start":{"line":23,"column":31},"end":{"line":23,"column":46}},"2":{"start":{"line":24,"column":27},"end":{"line":24,"column":42}},"3":{"start":{"line":26,"column":1},"end":{"line":67,"column":null}},"4":{"start":{"line":27,"column":24},"end":{"line":65,"column":5}},"5":{"start":{"line":28,"column":23},"end":{"line":28,"column":38}},"6":{"start":{"line":29,"column":25},"end":{"line":29,"column":55}},"7":{"start":{"line":32,"column":6},"end":{"line":44,"column":null}},"8":{"start":{"line":33,"column":8},"end":{"line":43,"column":null}},"9":{"start":{"line":34,"column":27},"end":{"line":34,"column":49}},"10":{"start":{"line":35,"column":12},"end":{"line":39,"column":null}},"11":{"start":{"line":36,"column":16},"end":{"line":36,"column":null}},"12":{"start":{"line":37,"column":16},"end":{"line":37,"column":null}},"13":{"start":{"line":38,"column":16},"end":{"line":38,"column":null}},"14":{"start":{"line":41,"column":12},"end":{"line":41,"column":null}},"15":{"start":{"line":42,"column":12},"end":{"line":42,"column":null}},"16":{"start":{"line":47,"column":6},"end":{"line":64,"column":null}},"17":{"start":{"line":48,"column":8},"end":{"line":48,"column":null}},"18":{"start":{"line":49,"column":21},"end":{"line":49,"column":55}},"19":{"start":{"line":51,"column":8},"end":{"line":53,"column":null}},"20":{"start":{"line":52,"column":12},"end":{"line":52,"column":null}},"21":{"start":{"line":55,"column":8},"end":{"line":55,"column":null}},"22":{"start":{"line":57,"column":8},"end":{"line":57,"column":null}},"23":{"start":{"line":58,"column":8},"end":{"line":58,"column":null}},"24":{"start":{"line":60,"column":8},"end":{"line":60,"column":null}},"25":{"start":{"line":61,"column":8},"end":{"line":61,"column":null}},"26":{"start":{"line":63,"column":8},"end":{"line":63,"column":null}},"27":{"start":{"line":66,"column":4},"end":{"line":66,"column":null}},"28":{"start":{"line":69,"column":2},"end":{"line":69,"column":null}}},"fnMap":{"0":{"name":"useNationsViewModel","decl":{"start":{"line":21,"column":16},"end":{"line":21,"column":35}},"loc":{"start":{"line":21,"column":38},"end":{"line":70,"column":null}},"line":21},"1":{"name":"(anonymous_1)","decl":{"start":{"line":26,"column":12},"end":{"line":26,"column":13}},"loc":{"start":{"line":26,"column":18},"end":{"line":67,"column":3}},"line":26},"2":{"name":"(anonymous_2)","decl":{"start":{"line":27,"column":24},"end":{"line":27,"column":29}},"loc":{"start":{"line":27,"column":36},"end":{"line":65,"column":5}},"line":27}},"branchMap":{"0":{"loc":{"start":{"line":32,"column":6},"end":{"line":44,"column":null}},"type":"if","locations":[{"start":{"line":32,"column":6},"end":{"line":44,"column":null}},{"start":{},"end":{}}],"line":32},"1":{"loc":{"start":{"line":35,"column":12},"end":{"line":39,"column":null}},"type":"if","locations":[{"start":{"line":35,"column":12},"end":{"line":39,"column":null}},{"start":{},"end":{}}],"line":35},"2":{"loc":{"start":{"line":35,"column":16},"end":{"line":35,"column":58}},"type":"binary-expr","locations":[{"start":{"line":35,"column":16},"end":{"line":35,"column":37}},{"start":{"line":35,"column":41},"end":{"line":35,"column":58}}],"line":35},"3":{"loc":{"start":{"line":51,"column":8},"end":{"line":53,"column":null}},"type":"if","locations":[{"start":{"line":51,"column":8},"end":{"line":53,"column":null}},{"start":{},"end":{}}],"line":51},"4":{"loc":{"start":{"line":51,"column":12},"end":{"line":51,"column":38}},"type":"binary-expr","locations":[{"start":{"line":51,"column":12},"end":{"line":51,"column":17}},{"start":{"line":51,"column":21},"end":{"line":51,"column":38}}],"line":51}},"s":{"0":4,"1":4,"2":4,"3":4,"4":2,"5":2,"6":2,"7":2,"8":0,"9":0,"10":0,"11":0,"12":0,"13":0,"14":0,"15":0,"16":2,"17":2,"18":2,"19":2,"20":0,"21":2,"22":2,"23":2,"24":0,"25":0,"26":2,"27":2,"28":4},"f":{"0":4,"1":2,"2":2},"b":{"0":[0,2],"1":[0,0],"2":[0,0],"3":[0,2],"4":[2,2]},"meta":{"lastBranch":5,"lastFunction":3,"lastStatement":29,"seen":{"f:21:16:21:35":0,"s:22:31:22:44":0,"s:23:31:23:46":1,"s:24:27:24:42":2,"s:26:1:67:Infinity":3,"f:26:12:26:13":1,"s:27:24:65:5":4,"f:27:24:27:29":2,"s:28:23:28:38":5,"s:29:25:29:55":6,"b:32:6:44:Infinity:undefined:undefined:undefined:undefined":0,"s:32:6:44:Infinity":7,"s:33:8:43:Infinity":8,"s:34:27:34:49":9,"b:35:12:39:Infinity:undefined:undefined:undefined:undefined":1,"s:35:12:39:Infinity":10,"b:35:16:35:37:35:41:35:58":2,"s:36:16:36:Infinity":11,"s:37:16:37:Infinity":12,"s:38:16:38:Infinity":13,"s:41:12:41:Infinity":14,"s:42:12:42:Infinity":15,"s:47:6:64:Infinity":16,"s:48:8:48:Infinity":17,"s:49:21:49:55":18,"b:51:8:53:Infinity:undefined:undefined:undefined:undefined":3,"s:51:8:53:Infinity":19,"b:51:12:51:17:51:21:51:38":4,"s:52:12:52:Infinity":20,"s:55:8:55:Infinity":21,"s:57:8:57:Infinity":22,"s:58:8:58:Infinity":23,"s:60:8:60:Infinity":24,"s:61:8:61:Infinity":25,"s:63:8:63:Infinity":26,"s:66:4:66:Infinity":27,"s:69:2:69:Infinity":28}}}
,"/home/gabriele/GitHub/AppWebExam/my-scout-app/my-scout-app/src/viewmodels/usePlayerDetailViewModel.js": {"path":"/home/gabriele/GitHub/AppWebExam/my-scout-app/my-scout-app/src/viewmodels/usePlayerDetailViewModel.js","statementMap":{"0":{"start":{"line":60,"column":20},"end":{"line":65,"column":25}},"1":{"start":{"line":61,"column":4},"end":{"line":63,"column":null}},"2":{"start":{"line":62,"column":6},"end":{"line":62,"column":null}},"3":{"start":{"line":64,"column":4},"end":{"line":64,"column":null}},"4":{"start":{"line":71,"column":41},"end":{"line":71,"column":56}},"5":{"start":{"line":78,"column":31},"end":{"line":78,"column":53}},"6":{"start":{"line":84,"column":27},"end":{"line":84,"column":42}},"7":{"start":{"line":90,"column":17},"end":{"line":90,"column":43}},"8":{"start":{"line":103,"column":36},"end":{"line":119,"column":27}},"9":{"start":{"line":104,"column":4},"end":{"line":106,"column":null}},"10":{"start":{"line":105,"column":6},"end":{"line":105,"column":null}},"11":{"start":{"line":109,"column":18},"end":{"line":113,"column":5}},"12":{"start":{"line":110,"column":6},"end":{"line":112,"column":null}},"13":{"start":{"line":115,"column":4},"end":{"line":118,"column":null}},"14":{"start":{"line":126,"column":1},"end":{"line":169,"column":null}},"15":{"start":{"line":128,"column":4},"end":{"line":132,"column":null}},"16":{"start":{"line":129,"column":6},"end":{"line":129,"column":null}},"17":{"start":{"line":130,"column":6},"end":{"line":130,"column":null}},"18":{"start":{"line":131,"column":6},"end":{"line":131,"column":null}},"19":{"start":{"line":144,"column":28},"end":{"line":166,"column":5}},"20":{"start":{"line":145,"column":6},"end":{"line":145,"column":null}},"21":{"start":{"line":146,"column":6},"end":{"line":146,"column":null}},"22":{"start":{"line":147,"column":6},"end":{"line":165,"column":null}},"23":{"start":{"line":148,"column":19},"end":{"line":148,"column":21}},"24":{"start":{"line":151,"column":8},"end":{"line":153,"column":null}},"25":{"start":{"line":152,"column":10},"end":{"line":152,"column":null}},"26":{"start":{"line":155,"column":8},"end":{"line":159,"column":null}},"27":{"start":{"line":156,"column":10},"end":{"line":156,"column":null}},"28":{"start":{"line":158,"column":10},"end":{"line":158,"column":null}},"29":{"start":{"line":161,"column":8},"end":{"line":161,"column":null}},"30":{"start":{"line":162,"column":8},"end":{"line":162,"column":null}},"31":{"start":{"line":164,"column":8},"end":{"line":164,"column":null}},"32":{"start":{"line":168,"column":4},"end":{"line":168,"column":null}},"33":{"start":{"line":171,"column":2},"end":{"line":171,"column":null}}},"fnMap":{"0":{"name":"usePlayerDetailViewModel","decl":{"start":{"line":50,"column":16},"end":{"line":50,"column":40}},"loc":{"start":{"line":50,"column":78},"end":{"line":172,"column":null}},"line":50},"1":{"name":"(anonymous_1)","decl":{"start":{"line":60,"column":29},"end":{"line":60,"column":30}},"loc":{"start":{"line":60,"column":35},"end":{"line":65,"column":3}},"line":60},"2":{"name":"(anonymous_2)","decl":{"start":{"line":103,"column":45},"end":{"line":103,"column":46}},"loc":{"start":{"line":103,"column":51},"end":{"line":119,"column":3}},"line":103},"3":{"name":"(anonymous_3)","decl":{"start":{"line":109,"column":40},"end":{"line":109,"column":41}},"loc":{"start":{"line":110,"column":6},"end":{"line":112,"column":null}},"line":110},"4":{"name":"(anonymous_4)","decl":{"start":{"line":126,"column":12},"end":{"line":126,"column":13}},"loc":{"start":{"line":126,"column":18},"end":{"line":169,"column":3}},"line":126},"5":{"name":"(anonymous_5)","decl":{"start":{"line":144,"column":28},"end":{"line":144,"column":33}},"loc":{"start":{"line":144,"column":40},"end":{"line":166,"column":5}},"line":144}},"branchMap":{"0":{"loc":{"start":{"line":50,"column":60},"end":{"line":50,"column":76}},"type":"default-arg","locations":[{"start":{"line":50,"column":74},"end":{"line":50,"column":76}}],"line":50},"1":{"loc":{"start":{"line":61,"column":4},"end":{"line":63,"column":null}},"type":"if","locations":[{"start":{"line":61,"column":4},"end":{"line":63,"column":null}},{"start":{},"end":{}}],"line":61},"2":{"loc":{"start":{"line":61,"column":8},"end":{"line":61,"column":99}},"type":"binary-expr","locations":[{"start":{"line":61,"column":8},"end":{"line":61,"column":21}},{"start":{"line":61,"column":25},"end":{"line":61,"column":49}},{"start":{"line":61,"column":53},"end":{"line":61,"column":99}}],"line":61},"3":{"loc":{"start":{"line":90,"column":17},"end":{"line":90,"column":43}},"type":"binary-expr","locations":[{"start":{"line":90,"column":17},"end":{"line":90,"column":27}},{"start":{"line":90,"column":31},"end":{"line":90,"column":43}}],"line":90},"4":{"loc":{"start":{"line":104,"column":4},"end":{"line":106,"column":null}},"type":"if","locations":[{"start":{"line":104,"column":4},"end":{"line":106,"column":null}},{"start":{},"end":{}}],"line":104},"5":{"loc":{"start":{"line":104,"column":8},"end":{"line":104,"column":59}},"type":"binary-expr","locations":[{"start":{"line":104,"column":8},"end":{"line":104,"column":15}},{"start":{"line":104,"column":19},"end":{"line":104,"column":31}},{"start":{"line":104,"column":35},"end":{"line":104,"column":59}}],"line":104},"6":{"loc":{"start":{"line":110,"column":6},"end":{"line":112,"column":null}},"type":"binary-expr","locations":[{"start":{"line":110,"column":6},"end":{"line":110,"column":19}},{"start":{"line":111,"column":6},"end":{"line":111,"column":23}},{"start":{"line":112,"column":6},"end":{"line":112,"column":null}}],"line":110},"7":{"loc":{"start":{"line":116,"column":18},"end":{"line":116,"column":71}},"type":"cond-expr","locations":[{"start":{"line":116,"column":30},"end":{"line":116,"column":64}},{"start":{"line":116,"column":67},"end":{"line":116,"column":71}}],"line":116},"8":{"loc":{"start":{"line":117,"column":18},"end":{"line":117,"column":null}},"type":"cond-expr","locations":[{"start":{"line":117,"column":67},"end":{"line":117,"column":101}},{"start":{"line":117,"column":104},"end":{"line":117,"column":null}}],"line":117},"9":{"loc":{"start":{"line":117,"column":18},"end":{"line":117,"column":64}},"type":"binary-expr","locations":[{"start":{"line":117,"column":18},"end":{"line":117,"column":30}},{"start":{"line":117,"column":34},"end":{"line":117,"column":64}}],"line":117},"10":{"loc":{"start":{"line":128,"column":4},"end":{"line":132,"column":null}},"type":"if","locations":[{"start":{"line":128,"column":4},"end":{"line":132,"column":null}},{"start":{},"end":{}}],"line":128},"11":{"loc":{"start":{"line":151,"column":8},"end":{"line":153,"column":null}},"type":"if","locations":[{"start":{"line":151,"column":8},"end":{"line":153,"column":null}},{"start":{},"end":{}}],"line":151},"12":{"loc":{"start":{"line":155,"column":8},"end":{"line":159,"column":null}},"type":"if","locations":[{"start":{"line":155,"column":8},"end":{"line":159,"column":null}},{"start":{"line":157,"column":15},"end":{"line":159,"column":null}}],"line":155},"13":{"loc":{"start":{"line":155,"column":12},"end":{"line":155,"column":50}},"type":"binary-expr","locations":[{"start":{"line":155,"column":12},"end":{"line":155,"column":31}},{"start":{"line":155,"column":35},"end":{"line":155,"column":50}}],"line":155}},"s":{"0":8,"1":5,"2":2,"3":3,"4":8,"5":8,"6":8,"7":8,"8":8,"9":8,"10":7,"11":1,"12":2,"13":1,"14":8,"15":5,"16":2,"17":2,"18":2,"19":3,"20":3,"21":3,"22":3,"23":3,"24":3,"25":3,"26":3,"27":2,"28":1,"29":0,"30":0,"31":3,"32":3,"33":8},"f":{"0":8,"1":5,"2":8,"3":2,"4":5,"5":3},"b":{"0":[8],"1":[2,3],"2":[5,2,2],"3":[8,6],"4":[7,1],"5":[8,4,4],"6":[2,2,2],"7":[1,0],"8":[1,0],"9":[8,1],"10":[2,3],"11":[3,0],"12":[2,1],"13":[3,2]},"meta":{"lastBranch":14,"lastFunction":6,"lastStatement":34,"seen":{"f:50:16:50:40":0,"b:50:74:50:76":0,"s:60:20:65:25":0,"f:60:29:60:30":1,"b:61:4:63:Infinity:undefined:undefined:undefined:undefined":1,"s:61:4:63:Infinity":1,"b:61:8:61:21:61:25:61:49:61:53:61:99":2,"s:62:6:62:Infinity":2,"s:64:4:64:Infinity":3,"s:71:41:71:56":4,"s:78:31:78:53":5,"s:84:27:84:42":6,"s:90:17:90:43":7,"b:90:17:90:27:90:31:90:43":3,"s:103:36:119:27":8,"f:103:45:103:46":2,"b:104:4:106:Infinity:undefined:undefined:undefined:undefined":4,"s:104:4:106:Infinity":9,"b:104:8:104:15:104:19:104:31:104:35:104:59":5,"s:105:6:105:Infinity":10,"s:109:18:113:5":11,"f:109:40:109:41":3,"s:110:6:112:Infinity":12,"b:110:6:110:19:111:6:111:23:112:6:112:Infinity":6,"s:115:4:118:Infinity":13,"b:116:30:116:64:116:67:116:71":7,"b:117:67:117:101:117:104:117:Infinity":8,"b:117:18:117:30:117:34:117:64":9,"s:126:1:169:Infinity":14,"f:126:12:126:13":4,"b:128:4:132:Infinity:undefined:undefined:undefined:undefined":10,"s:128:4:132:Infinity":15,"s:129:6:129:Infinity":16,"s:130:6:130:Infinity":17,"s:131:6:131:Infinity":18,"s:144:28:166:5":19,"f:144:28:144:33":5,"s:145:6:145:Infinity":20,"s:146:6:146:Infinity":21,"s:147:6:165:Infinity":22,"s:148:19:148:21":23,"b:151:8:153:Infinity:undefined:undefined:undefined:undefined":11,"s:151:8:153:Infinity":24,"s:152:10:152:Infinity":25,"b:155:8:159:Infinity:157:15:159:Infinity":12,"s:155:8:159:Infinity":26,"b:155:12:155:31:155:35:155:50":13,"s:156:10:156:Infinity":27,"s:158:10:158:Infinity":28,"s:161:8:161:Infinity":29,"s:162:8:162:Infinity":30,"s:164:8:164:Infinity":31,"s:168:4:168:Infinity":32,"s:171:2:171:Infinity":33}}}
,"/home/gabriele/GitHub/AppWebExam/my-scout-app/my-scout-app/src/viewmodels/usePlayersViewModel.js": {"path":"/home/gabriele/GitHub/AppWebExam/my-scout-app/my-scout-app/src/viewmodels/usePlayersViewModel.js","statementMap":{"0":{"start":{"line":34,"column":32},"end":{"line":34,"column":44}},"1":{"start":{"line":40,"column":31},"end":{"line":40,"column":44}},"2":{"start":{"line":46,"column":31},"end":{"line":46,"column":46}},"3":{"start":{"line":52,"column":37},"end":{"line":52,"column":76}},"4":{"start":{"line":58,"column":43},"end":{"line":58,"column":58}},"5":{"start":{"line":60,"column":20},"end":{"line":60,"column":34}},"6":{"start":{"line":63,"column":1},"end":{"line":69,"column":null}},"7":{"start":{"line":64,"column":4},"end":{"line":64,"column":null}},"8":{"start":{"line":65,"column":4},"end":{"line":65,"column":null}},"9":{"start":{"line":66,"column":4},"end":{"line":66,"column":null}},"10":{"start":{"line":67,"column":4},"end":{"line":67,"column":null}},"11":{"start":{"line":68,"column":4},"end":{"line":68,"column":31}},"12":{"start":{"line":76,"column":21},"end":{"line":162,"column":26}},"13":{"start":{"line":77,"column":4},"end":{"line":77,"column":null}},"14":{"start":{"line":79,"column":4},"end":{"line":161,"column":null}},"15":{"start":{"line":80,"column":23},"end":{"line":80,"column":25}},"16":{"start":{"line":81,"column":24},"end":{"line":81,"column":29}},"17":{"start":{"line":83,"column":6},"end":{"line":128,"column":null}},"18":{"start":{"line":85,"column":27},"end":{"line":85,"column":80}},"19":{"start":{"line":86,"column":25},"end":{"line":86,"column":64}},"20":{"start":{"line":87,"column":27},"end":{"line":87,"column":57}},"21":{"start":{"line":89,"column":8},"end":{"line":102,"column":null}},"22":{"start":{"line":90,"column":10},"end":{"line":90,"column":null}},"23":{"start":{"line":93,"column":10},"end":{"line":95,"column":null}},"24":{"start":{"line":97,"column":10},"end":{"line":101,"column":null}},"25":{"start":{"line":98,"column":12},"end":{"line":98,"column":null}},"26":{"start":{"line":100,"column":13},"end":{"line":100,"column":null}},"27":{"start":{"line":105,"column":8},"end":{"line":107,"column":null}},"28":{"start":{"line":106,"column":10},"end":{"line":106,"column":null}},"29":{"start":{"line":108,"column":8},"end":{"line":110,"column":null}},"30":{"start":{"line":109,"column":10},"end":{"line":109,"column":null}},"31":{"start":{"line":113,"column":8},"end":{"line":127,"column":null}},"32":{"start":{"line":114,"column":27},"end":{"line":114,"column":68}},"33":{"start":{"line":115,"column":27},"end":{"line":115,"column":59}},"34":{"start":{"line":116,"column":29},"end":{"line":116,"column":59}},"35":{"start":{"line":117,"column":10},"end":{"line":122,"column":null}},"36":{"start":{"line":118,"column":12},"end":{"line":118,"column":null}},"37":{"start":{"line":120,"column":12},"end":{"line":120,"column":null}},"38":{"start":{"line":121,"column":12},"end":{"line":121,"column":null}},"39":{"start":{"line":121,"column":53},"end":{"line":121,"column":null}},"40":{"start":{"line":125,"column":10},"end":{"line":125,"column":null}},"41":{"start":{"line":126,"column":10},"end":{"line":126,"column":null}},"42":{"start":{"line":131,"column":6},"end":{"line":154,"column":null}},"43":{"start":{"line":132,"column":26},"end":{"line":132,"column":28}},"44":{"start":{"line":133,"column":8},"end":{"line":139,"column":null}},"45":{"start":{"line":133,"column":21},"end":{"line":133,"column":22}},"46":{"start":{"line":134,"column":22},"end":{"line":134,"column":41}},"47":{"start":{"line":135,"column":10},"end":{"line":138,"column":null}},"48":{"start":{"line":136,"column":25},"end":{"line":136,"column":62}},"49":{"start":{"line":137,"column":12},"end":{"line":137,"column":null}},"50":{"start":{"line":137,"column":37},"end":{"line":137,"column":null}},"51":{"start":{"line":140,"column":8},"end":{"line":144,"column":null}},"52":{"start":{"line":141,"column":29},"end":{"line":141,"column":57}},"53":{"start":{"line":141,"column":51},"end":{"line":141,"column":55}},"54":{"start":{"line":142,"column":29},"end":{"line":142,"column":103}},"55":{"start":{"line":142,"column":51},"end":{"line":142,"column":67}},"56":{"start":{"line":142,"column":81},"end":{"line":142,"column":102}},"57":{"start":{"line":143,"column":10},"end":{"line":143,"column":null}},"58":{"start":{"line":145,"column":13},"end":{"line":154,"column":null}},"59":{"start":{"line":146,"column":27},"end":{"line":146,"column":67}},"60":{"start":{"line":146,"column":50},"end":{"line":146,"column":66}},"61":{"start":{"line":147,"column":8},"end":{"line":153,"column":null}},"62":{"start":{"line":149,"column":32},"end":{"line":149,"column":78}},"63":{"start":{"line":150,"column":27},"end":{"line":150,"column":80}},"64":{"start":{"line":152,"column":10},"end":{"line":152,"column":null}},"65":{"start":{"line":152,"column":54},"end":{"line":152,"column":63}},"66":{"start":{"line":156,"column":6},"end":{"line":156,"column":null}},"67":{"start":{"line":157,"column":6},"end":{"line":157,"column":null}},"68":{"start":{"line":159,"column":6},"end":{"line":159,"column":null}},"69":{"start":{"line":160,"column":6},"end":{"line":160,"column":null}},"70":{"start":{"line":165,"column":1},"end":{"line":169,"column":null}},"71":{"start":{"line":166,"column":4},"end":{"line":168,"column":null}},"72":{"start":{"line":167,"column":6},"end":{"line":167,"column":null}},"73":{"start":{"line":175,"column":25},"end":{"line":181,"column":3}},"74":{"start":{"line":177,"column":4},"end":{"line":177,"column":null}},"75":{"start":{"line":177,"column":57},"end":{"line":177,"column":null}},"76":{"start":{"line":179,"column":4},"end":{"line":179,"column":30}},"77":{"start":{"line":180,"column":4},"end":{"line":180,"column":null}},"78":{"start":{"line":180,"column":26},"end":{"line":180,"column":34}},"79":{"start":{"line":183,"column":2},"end":{"line":188,"column":null}},"80":{"start":{"line":184,"column":33},"end":{"line":184,"column":96}}},"fnMap":{"0":{"name":"usePlayersViewModel","decl":{"start":{"line":29,"column":16},"end":{"line":29,"column":35}},"loc":{"start":{"line":29,"column":61},"end":{"line":189,"column":null}},"line":29},"1":{"name":"(anonymous_1)","decl":{"start":{"line":63,"column":12},"end":{"line":63,"column":13}},"loc":{"start":{"line":63,"column":18},"end":{"line":69,"column":3}},"line":63},"2":{"name":"(anonymous_2)","decl":{"start":{"line":76,"column":34},"end":{"line":76,"column":39}},"loc":{"start":{"line":76,"column":57},"end":{"line":162,"column":3}},"line":76},"3":{"name":"(anonymous_3)","decl":{"start":{"line":140,"column":19},"end":{"line":140,"column":23}},"loc":{"start":{"line":140,"column":27},"end":{"line":144,"column":9}},"line":140},"4":{"name":"(anonymous_4)","decl":{"start":{"line":141,"column":46},"end":{"line":141,"column":47}},"loc":{"start":{"line":141,"column":51},"end":{"line":141,"column":55}},"line":141},"5":{"name":"(anonymous_5)","decl":{"start":{"line":142,"column":43},"end":{"line":142,"column":47}},"loc":{"start":{"line":142,"column":51},"end":{"line":142,"column":67}},"line":142},"6":{"name":"(anonymous_6)","decl":{"start":{"line":142,"column":76},"end":{"line":142,"column":77}},"loc":{"start":{"line":142,"column":81},"end":{"line":142,"column":102}},"line":142},"7":{"name":"(anonymous_7)","decl":{"start":{"line":146,"column":42},"end":{"line":146,"column":46}},"loc":{"start":{"line":146,"column":50},"end":{"line":146,"column":66}},"line":146},"8":{"name":"(anonymous_8)","decl":{"start":{"line":147,"column":19},"end":{"line":147,"column":23}},"loc":{"start":{"line":147,"column":27},"end":{"line":153,"column":9}},"line":147},"9":{"name":"(anonymous_9)","decl":{"start":{"line":152,"column":49},"end":{"line":152,"column":50}},"loc":{"start":{"line":152,"column":54},"end":{"line":152,"column":63}},"line":152},"10":{"name":"(anonymous_10)","decl":{"start":{"line":165,"column":12},"end":{"line":165,"column":13}},"loc":{"start":{"line":165,"column":18},"end":{"line":169,"column":3}},"line":165},"11":{"name":"(anonymous_11)","decl":{"start":{"line":175,"column":25},"end":{"line":175,"column":26}},"loc":{"start":{"line":175,"column":31},"end":{"line":181,"column":3}},"line":175},"12":{"name":"(anonymous_12)","decl":{"start":{"line":180,"column":18},"end":{"line":180,"column":22}},"loc":{"start":{"line":180,"column":26},"end":{"line":180,"column":34}},"line":180},"13":{"name":"(anonymous_13)","decl":{"start":{"line":184,"column":28},"end":{"line":184,"column":29}},"loc":{"start":{"line":184,"column":33},"end":{"line":184,"column":96}},"line":184}},"branchMap":{"0":{"loc":{"start":{"line":29,"column":36},"end":{"line":29,"column":59}},"type":"default-arg","locations":[{"start":{"line":29,"column":57},"end":{"line":29,"column":59}}],"line":29},"1":{"loc":{"start":{"line":52,"column":47},"end":{"line":52,"column":75}},"type":"cond-expr","locations":[{"start":{"line":52,"column":70},"end":{"line":52,"column":71}},{"start":{"line":52,"column":74},"end":{"line":52,"column":75}}],"line":52},"2":{"loc":{"start":{"line":52,"column":47},"end":{"line":52,"column":67}},"type":"binary-expr","locations":[{"start":{"line":52,"column":47},"end":{"line":52,"column":54}},{"start":{"line":52,"column":58},"end":{"line":52,"column":67}}],"line":52},"3":{"loc":{"start":{"line":65,"column":18},"end":{"line":65,"column":46}},"type":"cond-expr","locations":[{"start":{"line":65,"column":41},"end":{"line":65,"column":42}},{"start":{"line":65,"column":45},"end":{"line":65,"column":46}}],"line":65},"4":{"loc":{"start":{"line":65,"column":18},"end":{"line":65,"column":38}},"type":"binary-expr","locations":[{"start":{"line":65,"column":18},"end":{"line":65,"column":25}},{"start":{"line":65,"column":29},"end":{"line":65,"column":38}}],"line":65},"5":{"loc":{"start":{"line":83,"column":6},"end":{"line":128,"column":null}},"type":"if","locations":[{"start":{"line":83,"column":6},"end":{"line":128,"column":null}},{"start":{"line":111,"column":13},"end":{"line":128,"column":null}}],"line":83},"6":{"loc":{"start":{"line":83,"column":10},"end":{"line":83,"column":30}},"type":"binary-expr","locations":[{"start":{"line":83,"column":10},"end":{"line":83,"column":19}},{"start":{"line":83,"column":23},"end":{"line":83,"column":30}}],"line":83},"7":{"loc":{"start":{"line":85,"column":27},"end":{"line":85,"column":80}},"type":"cond-expr","locations":[{"start":{"line":85,"column":39},"end":{"line":85,"column":58}},{"start":{"line":85,"column":61},"end":{"line":85,"column":80}}],"line":85},"8":{"loc":{"start":{"line":89,"column":8},"end":{"line":102,"column":null}},"type":"if","locations":[{"start":{"line":89,"column":8},"end":{"line":102,"column":null}},{"start":{"line":91,"column":15},"end":{"line":102,"column":null}}],"line":89},"9":{"loc":{"start":{"line":93,"column":23},"end":{"line":95,"column":80}},"type":"cond-expr","locations":[{"start":{"line":94,"column":14},"end":{"line":94,"column":null}},{"start":{"line":95,"column":14},"end":{"line":95,"column":80}}],"line":93},"10":{"loc":{"start":{"line":97,"column":10},"end":{"line":101,"column":null}},"type":"if","locations":[{"start":{"line":97,"column":10},"end":{"line":101,"column":null}},{"start":{"line":99,"column":17},"end":{"line":101,"column":null}}],"line":97},"11":{"loc":{"start":{"line":97,"column":14},"end":{"line":97,"column":49}},"type":"binary-expr","locations":[{"start":{"line":97,"column":14},"end":{"line":97,"column":24}},{"start":{"line":97,"column":28},"end":{"line":97,"column":49}}],"line":97},"12":{"loc":{"start":{"line":100,"column":57},"end":{"line":100,"column":86}},"type":"cond-expr","locations":[{"start":{"line":100,"column":69},"end":{"line":100,"column":75}},{"start":{"line":100,"column":78},"end":{"line":100,"column":86}}],"line":100},"13":{"loc":{"start":{"line":100,"column":94},"end":{"line":100,"column":114}},"type":"binary-expr","locations":[{"start":{"line":100,"column":94},"end":{"line":100,"column":103}},{"start":{"line":100,"column":107},"end":{"line":100,"column":114}}],"line":100},"14":{"loc":{"start":{"line":105,"column":8},"end":{"line":107,"column":null}},"type":"if","locations":[{"start":{"line":105,"column":8},"end":{"line":107,"column":null}},{"start":{},"end":{}}],"line":105},"15":{"loc":{"start":{"line":105,"column":12},"end":{"line":105,"column":81}},"type":"binary-expr","locations":[{"start":{"line":105,"column":12},"end":{"line":105,"column":23}},{"start":{"line":105,"column":28},"end":{"line":105,"column":53}},{"start":{"line":105,"column":57},"end":{"line":105,"column":80}}],"line":105},"16":{"loc":{"start":{"line":108,"column":8},"end":{"line":110,"column":null}},"type":"if","locations":[{"start":{"line":108,"column":8},"end":{"line":110,"column":null}},{"start":{},"end":{}}],"line":108},"17":{"loc":{"start":{"line":113,"column":8},"end":{"line":127,"column":null}},"type":"if","locations":[{"start":{"line":113,"column":8},"end":{"line":127,"column":null}},{"start":{"line":123,"column":15},"end":{"line":127,"column":null}}],"line":113},"18":{"loc":{"start":{"line":117,"column":10},"end":{"line":122,"column":null}},"type":"if","locations":[{"start":{"line":117,"column":10},"end":{"line":122,"column":null}},{"start":{"line":119,"column":17},"end":{"line":122,"column":null}}],"line":117},"19":{"loc":{"start":{"line":121,"column":12},"end":{"line":121,"column":null}},"type":"if","locations":[{"start":{"line":121,"column":12},"end":{"line":121,"column":null}},{"start":{},"end":{}}],"line":121},"20":{"loc":{"start":{"line":121,"column":16},"end":{"line":121,"column":51}},"type":"binary-expr","locations":[{"start":{"line":121,"column":16},"end":{"line":121,"column":26}},{"start":{"line":121,"column":30},"end":{"line":121,"column":51}}],"line":121},"21":{"loc":{"start":{"line":131,"column":6},"end":{"line":154,"column":null}},"type":"if","locations":[{"start":{"line":131,"column":6},"end":{"line":154,"column":null}},{"start":{"line":145,"column":13},"end":{"line":154,"column":null}}],"line":131},"22":{"loc":{"start":{"line":135,"column":10},"end":{"line":138,"column":null}},"type":"if","locations":[{"start":{"line":135,"column":10},"end":{"line":138,"column":null}},{"start":{},"end":{}}],"line":135},"23":{"loc":{"start":{"line":137,"column":12},"end":{"line":137,"column":null}},"type":"if","locations":[{"start":{"line":137,"column":12},"end":{"line":137,"column":null}},{"start":{},"end":{}}],"line":137},"24":{"loc":{"start":{"line":145,"column":13},"end":{"line":154,"column":null}},"type":"if","locations":[{"start":{"line":145,"column":13},"end":{"line":154,"column":null}},{"start":{},"end":{}}],"line":145},"25":{"loc":{"start":{"line":145,"column":17},"end":{"line":145,"column":52}},"type":"binary-expr","locations":[{"start":{"line":145,"column":17},"end":{"line":145,"column":27}},{"start":{"line":145,"column":31},"end":{"line":145,"column":52}}],"line":145},"26":{"loc":{"start":{"line":149,"column":49},"end":{"line":149,"column":77}},"type":"cond-expr","locations":[{"start":{"line":149,"column":72},"end":{"line":149,"column":73}},{"start":{"line":149,"column":76},"end":{"line":149,"column":77}}],"line":149},"27":{"loc":{"start":{"line":149,"column":49},"end":{"line":149,"column":69}},"type":"binary-expr","locations":[{"start":{"line":149,"column":49},"end":{"line":149,"column":56}},{"start":{"line":149,"column":60},"end":{"line":149,"column":69}}],"line":149},"28":{"loc":{"start":{"line":150,"column":27},"end":{"line":150,"column":80}},"type":"cond-expr","locations":[{"start":{"line":150,"column":43},"end":{"line":150,"column":53}},{"start":{"line":150,"column":56},"end":{"line":150,"column":80}}],"line":150},"29":{"loc":{"start":{"line":166,"column":4},"end":{"line":168,"column":null}},"type":"if","locations":[{"start":{"line":166,"column":4},"end":{"line":168,"column":null}},{"start":{},"end":{}}],"line":166},"30":{"loc":{"start":{"line":166,"column":8},"end":{"line":166,"column":41}},"type":"binary-expr","locations":[{"start":{"line":166,"column":8},"end":{"line":166,"column":21}},{"start":{"line":166,"column":25},"end":{"line":166,"column":41}}],"line":166},"31":{"loc":{"start":{"line":177,"column":4},"end":{"line":177,"column":null}},"type":"if","locations":[{"start":{"line":177,"column":4},"end":{"line":177,"column":null}},{"start":{},"end":{}}],"line":177},"32":{"loc":{"start":{"line":177,"column":8},"end":{"line":177,"column":55}},"type":"binary-expr","locations":[{"start":{"line":177,"column":8},"end":{"line":177,"column":15}},{"start":{"line":177,"column":19},"end":{"line":177,"column":33}},{"start":{"line":177,"column":37},"end":{"line":177,"column":55}}],"line":177}},"s":{"0":5,"1":5,"2":5,"3":5,"4":5,"5":5,"6":5,"7":2,"8":2,"9":2,"10":2,"11":2,"12":5,"13":2,"14":2,"15":2,"16":2,"17":2,"18":1,"19":1,"20":1,"21":1,"22":1,"23":0,"24":0,"25":0,"26":0,"27":1,"28":0,"29":1,"30":0,"31":1,"32":1,"33":1,"34":1,"35":1,"36":0,"37":1,"38":1,"39":0,"40":0,"41":0,"42":2,"43":0,"44":0,"45":0,"46":0,"47":0,"48":0,"49":0,"50":0,"51":0,"52":0,"53":0,"54":0,"55":0,"56":0,"57":0,"58":2,"59":1,"60":1,"61":1,"62":1,"63":1,"64":1,"65":1,"66":0,"67":0,"68":2,"69":2,"70":5,"71":2,"72":2,"73":5,"74":0,"75":0,"76":0,"77":0,"78":0,"79":5,"80":1},"f":{"0":5,"1":2,"2":2,"3":0,"4":0,"5":0,"6":0,"7":1,"8":1,"9":1,"10":2,"11":0,"12":0,"13":1},"b":{"0":[5],"1":[2,3],"2":[5,3],"3":[1,1],"4":[2,1],"5":[1,1],"6":[2,2],"7":[0,1],"8":[1,0],"9":[0,0],"10":[0,0],"11":[0,0],"12":[0,0],"13":[0,0],"14":[0,1],"15":[1,1,1],"16":[0,1],"17":[1,0],"18":[0,1],"19":[0,1],"20":[1,0],"21":[0,2],"22":[0,0],"23":[0,0],"24":[1,1],"25":[2,1],"26":[1,0],"27":[1,0],"28":[1,0],"29":[2,0],"30":[2,0],"31":[0,0],"32":[0,0,0]},"meta":{"lastBranch":33,"lastFunction":14,"lastStatement":81,"seen":{"f:29:16:29:35":0,"b:29:57:29:59":0,"s:34:32:34:44":0,"s:40:31:40:44":1,"s:46:31:46:46":2,"s:52:37:52:76":3,"b:52:70:52:71:52:74:52:75":1,"b:52:47:52:54:52:58:52:67":2,"s:58:43:58:58":4,"s:60:20:60:34":5,"s:63:1:69:Infinity":6,"f:63:12:63:13":1,"s:64:4:64:Infinity":7,"s:65:4:65:Infinity":8,"b:65:41:65:42:65:45:65:46":3,"b:65:18:65:25:65:29:65:38":4,"s:66:4:66:Infinity":9,"s:67:4:67:Infinity":10,"s:68:4:68:31":11,"s:76:21:162:26":12,"f:76:34:76:39":2,"s:77:4:77:Infinity":13,"s:79:4:161:Infinity":14,"s:80:23:80:25":15,"s:81:24:81:29":16,"b:83:6:128:Infinity:111:13:128:Infinity":5,"s:83:6:128:Infinity":17,"b:83:10:83:19:83:23:83:30":6,"s:85:27:85:80":18,"b:85:39:85:58:85:61:85:80":7,"s:86:25:86:64":19,"s:87:27:87:57":20,"b:89:8:102:Infinity:91:15:102:Infinity":8,"s:89:8:102:Infinity":21,"s:90:10:90:Infinity":22,"s:93:10:95:Infinity":23,"b:94:14:94:Infinity:95:14:95:80":9,"b:97:10:101:Infinity:99:17:101:Infinity":10,"s:97:10:101:Infinity":24,"b:97:14:97:24:97:28:97:49":11,"s:98:12:98:Infinity":25,"s:100:13:100:Infinity":26,"b:100:69:100:75:100:78:100:86":12,"b:100:94:100:103:100:107:100:114":13,"b:105:8:107:Infinity:undefined:undefined:undefined:undefined":14,"s:105:8:107:Infinity":27,"b:105:12:105:23:105:28:105:53:105:57:105:80":15,"s:106:10:106:Infinity":28,"b:108:8:110:Infinity:undefined:undefined:undefined:undefined":16,"s:108:8:110:Infinity":29,"s:109:10:109:Infinity":30,"b:113:8:127:Infinity:123:15:127:Infinity":17,"s:113:8:127:Infinity":31,"s:114:27:114:68":32,"s:115:27:115:59":33,"s:116:29:116:59":34,"b:117:10:122:Infinity:119:17:122:Infinity":18,"s:117:10:122:Infinity":35,"s:118:12:118:Infinity":36,"s:120:12:120:Infinity":37,"b:121:12:121:Infinity:undefined:undefined:undefined:undefined":19,"s:121:12:121:Infinity":38,"b:121:16:121:26:121:30:121:51":20,"s:121:53:121:Infinity":39,"s:125:10:125:Infinity":40,"s:126:10:126:Infinity":41,"b:131:6:154:Infinity:145:13:154:Infinity":21,"s:131:6:154:Infinity":42,"s:132:26:132:28":43,"s:133:8:139:Infinity":44,"s:133:21:133:22":45,"s:134:22:134:41":46,"b:135:10:138:Infinity:undefined:undefined:undefined:undefined":22,"s:135:10:138:Infinity":47,"s:136:25:136:62":48,"b:137:12:137:Infinity:undefined:undefined:undefined:undefined":23,"s:137:12:137:Infinity":49,"s:137:37:137:Infinity":50,"s:140:8:144:Infinity":51,"f:140:19:140:23":3,"s:141:29:141:57":52,"f:141:46:141:47":4,"s:141:51:141:55":53,"s:142:29:142:103":54,"f:142:43:142:47":5,"s:142:51:142:67":55,"f:142:76:142:77":6,"s:142:81:142:102":56,"s:143:10:143:Infinity":57,"b:145:13:154:Infinity:undefined:undefined:undefined:undefined":24,"s:145:13:154:Infinity":58,"b:145:17:145:27:145:31:145:52":25,"s:146:27:146:67":59,"f:146:42:146:46":7,"s:146:50:146:66":60,"s:147:8:153:Infinity":61,"f:147:19:147:23":8,"s:149:32:149:78":62,"b:149:72:149:73:149:76:149:77":26,"b:149:49:149:56:149:60:149:69":27,"s:150:27:150:80":63,"b:150:43:150:53:150:56:150:80":28,"s:152:10:152:Infinity":64,"f:152:49:152:50":9,"s:152:54:152:63":65,"s:156:6:156:Infinity":66,"s:157:6:157:Infinity":67,"s:159:6:159:Infinity":68,"s:160:6:160:Infinity":69,"s:165:1:169:Infinity":70,"f:165:12:165:13":10,"b:166:4:168:Infinity:undefined:undefined:undefined:undefined":29,"s:166:4:168:Infinity":71,"b:166:8:166:21:166:25:166:41":30,"s:167:6:167:Infinity":72,"s:175:25:181:3":73,"f:175:25:175:26":11,"b:177:4:177:Infinity:undefined:undefined:undefined:undefined":31,"s:177:4:177:Infinity":74,"b:177:8:177:15:177:19:177:33:177:37:177:55":32,"s:177:57:177:Infinity":75,"s:179:4:179:30":76,"s:180:4:180:Infinity":77,"f:180:18:180:22":12,"s:180:26:180:34":78,"s:183:2:188:Infinity":79,"f:184:28:184:29":13,"s:184:33:184:96":80}}}
,"/home/gabriele/GitHub/AppWebExam/my-scout-app/my-scout-app/src/viewmodels/useSearchViewModel.js": {"path":"/home/gabriele/GitHub/AppWebExam/my-scout-app/my-scout-app/src/viewmodels/useSearchViewModel.js","statementMap":{"0":{"start":{"line":26,"column":31},"end":{"line":26,"column":44}},"1":{"start":{"line":27,"column":27},"end":{"line":27,"column":40}},"2":{"start":{"line":28,"column":31},"end":{"line":28,"column":44}},"3":{"start":{"line":29,"column":31},"end":{"line":29,"column":47}},"4":{"start":{"line":31,"column":23},"end":{"line":31,"column":34}},"5":{"start":{"line":33,"column":1},"end":{"line":167,"column":null}},"6":{"start":{"line":34,"column":17},"end":{"line":34,"column":41}},"7":{"start":{"line":35,"column":18},"end":{"line":35,"column":42}},"8":{"start":{"line":36,"column":30},"end":{"line":36,"column":48}},"9":{"start":{"line":39,"column":4},"end":{"line":46,"column":null}},"10":{"start":{"line":40,"column":6},"end":{"line":40,"column":null}},"11":{"start":{"line":41,"column":6},"end":{"line":41,"column":null}},"12":{"start":{"line":42,"column":6},"end":{"line":42,"column":null}},"13":{"start":{"line":43,"column":6},"end":{"line":43,"column":null}},"14":{"start":{"line":44,"column":6},"end":{"line":44,"column":null}},"15":{"start":{"line":45,"column":6},"end":{"line":45,"column":null}},"16":{"start":{"line":49,"column":4},"end":{"line":52,"column":null}},"17":{"start":{"line":50,"column":6},"end":{"line":50,"column":null}},"18":{"start":{"line":51,"column":6},"end":{"line":51,"column":null}},"19":{"start":{"line":54,"column":26},"end":{"line":164,"column":5}},"20":{"start":{"line":55,"column":6},"end":{"line":55,"column":null}},"21":{"start":{"line":56,"column":25},"end":{"line":56,"column":83}},"22":{"start":{"line":57,"column":28},"end":{"line":57,"column":62}},"23":{"start":{"line":59,"column":6},"end":{"line":69,"column":null}},"24":{"start":{"line":60,"column":21},"end":{"line":60,"column":46}},"25":{"start":{"line":62,"column":8},"end":{"line":62,"column":null}},"26":{"start":{"line":63,"column":8},"end":{"line":63,"column":null}},"27":{"start":{"line":64,"column":8},"end":{"line":64,"column":null}},"28":{"start":{"line":64,"column":49},"end":{"line":64,"column":62}},"29":{"start":{"line":66,"column":8},"end":{"line":66,"column":50}},"30":{"start":{"line":67,"column":8},"end":{"line":67,"column":null}},"31":{"start":{"line":68,"column":8},"end":{"line":68,"column":15}},"32":{"start":{"line":71,"column":6},"end":{"line":163,"column":null}},"33":{"start":{"line":73,"column":27},"end":{"line":73,"column":29}},"34":{"start":{"line":74,"column":28},"end":{"line":74,"column":104}},"35":{"start":{"line":75,"column":8},"end":{"line":80,"column":null}},"36":{"start":{"line":76,"column":10},"end":{"line":78,"column":null}},"37":{"start":{"line":77,"column":12},"end":{"line":77,"column":null}},"38":{"start":{"line":79,"column":10},"end":{"line":79,"column":null}},"39":{"start":{"line":83,"column":27},"end":{"line":83,"column":29}},"40":{"start":{"line":84,"column":8},"end":{"line":98,"column":null}},"41":{"start":{"line":84,"column":21},"end":{"line":84,"column":22}},"42":{"start":{"line":85,"column":22},"end":{"line":85,"column":41}},"43":{"start":{"line":86,"column":10},"end":{"line":97,"column":null}},"44":{"start":{"line":87,"column":31},"end":{"line":87,"column":68}},"45":{"start":{"line":88,"column":12},"end":{"line":96,"column":null}},"46":{"start":{"line":90,"column":38},"end":{"line":90,"column":69}},"47":{"start":{"line":91,"column":30},"end":{"line":94,"column":16}},"48":{"start":{"line":92,"column":29},"end":{"line":92,"column":53}},"49":{"start":{"line":93,"column":16},"end":{"line":93,"column":null}},"50":{"start":{"line":95,"column":14},"end":{"line":95,"column":null}},"51":{"start":{"line":101,"column":28},"end":{"line":101,"column":106}},"52":{"start":{"line":101,"column":69},"end":{"line":101,"column":94}},"53":{"start":{"line":102,"column":29},"end":{"line":102,"column":70}},"54":{"start":{"line":102,"column":53},"end":{"line":102,"column":69}},"55":{"start":{"line":103,"column":8},"end":{"line":103,"column":null}},"56":{"start":{"line":106,"column":8},"end":{"line":158,"column":null}},"57":{"start":{"line":107,"column":10},"end":{"line":107,"column":null}},"58":{"start":{"line":110,"column":31},"end":{"line":110,"column":84}},"59":{"start":{"line":110,"column":81},"end":{"line":110,"column":83}},"60":{"start":{"line":112,"column":29},"end":{"line":112,"column":43}},"61":{"start":{"line":113,"column":27},"end":{"line":113,"column":29}},"62":{"start":{"line":116,"column":10},"end":{"line":150,"column":null}},"63":{"start":{"line":117,"column":12},"end":{"line":123,"column":null}},"64":{"start":{"line":117,"column":51},"end":{"line":123,"column":13}},"65":{"start":{"line":124,"column":12},"end":{"line":124,"column":null}},"66":{"start":{"line":127,"column":12},"end":{"line":145,"column":null}},"67":{"start":{"line":129,"column":39},"end":{"line":129,"column":63}},"68":{"start":{"line":132,"column":37},"end":{"line":134,"column":15}},"69":{"start":{"line":133,"column":16},"end":{"line":133,"column":null}},"70":{"start":{"line":133,"column":79},"end":{"line":133,"column":81}},"71":{"start":{"line":136,"column":37},"end":{"line":136,"column":70}},"72":{"start":{"line":139,"column":33},"end":{"line":139,"column":84}},"73":{"start":{"line":139,"column":67},"end":{"line":139,"column":83}},"74":{"start":{"line":142,"column":31},"end":{"line":142,"column":65}},"75":{"start":{"line":143,"column":14},"end":{"line":143,"column":null}},"76":{"start":{"line":143,"column":66},"end":{"line":143,"column":75}},"77":{"start":{"line":144,"column":14},"end":{"line":144,"column":null}},"78":{"start":{"line":148,"column":13},"end":{"line":148,"column":null}},"79":{"start":{"line":149,"column":13},"end":{"line":149,"column":null}},"80":{"start":{"line":153,"column":10},"end":{"line":157,"column":null}},"81":{"start":{"line":160,"column":8},"end":{"line":160,"column":null}},"82":{"start":{"line":162,"column":8},"end":{"line":162,"column":null}},"83":{"start":{"line":166,"column":4},"end":{"line":166,"column":null}},"84":{"start":{"line":169,"column":2},"end":{"line":169,"column":46}}},"fnMap":{"0":{"name":"useSearchViewModel","decl":{"start":{"line":25,"column":16},"end":{"line":25,"column":34}},"loc":{"start":{"line":25,"column":64},"end":{"line":170,"column":null}},"line":25},"1":{"name":"(anonymous_1)","decl":{"start":{"line":33,"column":12},"end":{"line":33,"column":13}},"loc":{"start":{"line":33,"column":18},"end":{"line":167,"column":3}},"line":33},"2":{"name":"(anonymous_2)","decl":{"start":{"line":54,"column":26},"end":{"line":54,"column":31}},"loc":{"start":{"line":54,"column":38},"end":{"line":164,"column":5}},"line":54},"3":{"name":"(anonymous_3)","decl":{"start
[...]
binary-expr","locations":[{"start":{"line":49,"column":55},"end":{"line":49,"column":75}},{"start":{"line":49,"column":75},"end":{"line":49,"column":null}}],"line":49},"6":{"loc":{"start":{"line":51,"column":13},"end":{"line":51,"column":null}},"type":"binary-expr","locations":[{"start":{"line":51,"column":13},"end":{"line":51,"column":28}},{"start":{"line":51,"column":28},"end":{"line":51,"column":45}},{"start":{"line":51,"column":45},"end":{"line":51,"column":60}},{"start":{"line":51,"column":60},"end":{"line":51,"column":null}}],"line":51},"7":{"loc":{"start":{"line":57,"column":4},"end":{"line":57,"column":null}},"type":"if","locations":[{"start":{"line":57,"column":4},"end":{"line":57,"column":null}},{"start":{},"end":{}}],"line":57},"8":{"loc":{"start":{"line":59,"column":6},"end":{"line":59,"column":null}},"type":"if","locations":[{"start":{"line":59,"column":6},"end":{"line":59,"column":null}},{"start":{},"end":{}}],"line":59},"9":{"loc":{"start":{"line":61,"column":17},"end":{"line":61,"column":null}},"type":"binary-expr","locations":[{"start":{"line":61,"column":17},"end":{"line":61,"column":41}},{"start":{"line":61,"column":41},"end":{"line":61,"column":null}}],"line":61},"10":{"loc":{"start":{"line":62,"column":17},"end":{"line":62,"column":null}},"type":"binary-expr","locations":[{"start":{"line":62,"column":17},"end":{"line":62,"column":41}},{"start":{"line":62,"column":41},"end":{"line":62,"column":null}}],"line":62},"11":{"loc":{"start":{"line":78,"column":4},"end":{"line":78,"column":null}},"type":"if","locations":[{"start":{"line":78,"column":4},"end":{"line":78,"column":null}},{"start":{},"end":{}}],"line":78},"12":{"loc":{"start":{"line":79,"column":4},"end":{"line":79,"column":null}},"type":"if","locations":[{"start":{"line":79,"column":4},"end":{"line":79,"column":null}},{"start":{},"end":{}}],"line":79},"13":{"loc":{"start":{"line":82,"column":6},"end":{"line":90,"column":null}},"type":"if","locations":[{"start":{"line":82,"column":6},"end":{"line":90,"column":null}},{"start":{},"end":{}}],"line":82},"14":{"loc":{"start":{"line":84,"column":8},"end":{"line":89,"column":null}},"type":"if","locations":[{"start":{"line":84,"column":8},"end":{"line":89,"column":null}},{"start":{"line":86,"column":8},"end":{"line":89,"column":null}}],"line":84},"15":{"loc":{"start":{"line":86,"column":8},"end":{"line":89,"column":null}},"type":"if","locations":[{"start":{"line":86,"column":8},"end":{"line":89,"column":null}},{"start":{},"end":{}}],"line":86},"16":{"loc":{"start":{"line":92,"column":4},"end":{"line":92,"column":null}},"type":"if","locations":[{"start":{"line":92,"column":4},"end":{"line":92,"column":null}},{"start":{},"end":{}}],"line":92},"17":{"loc":{"start":{"line":113,"column":7},"end":{"line":131,"column":null}},"type":"cond-expr","locations":[{"start":{"line":114,"column":8},"end":{"line":114,"column":null}},{"start":{"line":116,"column":8},"end":{"line":131,"column":null}}],"line":113},"18":{"loc":{"start":{"line":113,"column":7},"end":{"line":113,"column":null}},"type":"binary-expr","locations":[{"start":{"line":113,"column":7},"end":{"line":113,"column":19}},{"start":{"line":113,"column":19},"end":{"line":113,"column":null}}],"line":113},"19":{"loc":{"start":{"line":118,"column":43},"end":{"line":118,"column":null}},"type":"cond-expr","locations":[{"start":{"line":118,"column":75},"end":{"line":118,"column":91}},{"start":{"line":118,"column":91},"end":{"line":118,"column":null}}],"line":118},"20":{"loc":{"start":{"line":133,"column":7},"end":{"line":133,"column":null}},"type":"binary-expr","locations":[{"start":{"line":133,"column":7},"end":{"line":133,"column":18}},{"start":{"line":133,"column":18},"end":{"line":133,"column":null}}],"line":133},"21":{"loc":{"start":{"line":135,"column":7},"end":{"line":136,"column":null}},"type":"binary-expr","locations":[{"start":{"line":135,"column":7},"end":{"line":135,"column":19}},{"start":{"line":135,"column":19},"end":{"line":135,"column":37}},{"start":{"line":135,"column":37},"end":{"line":135,"column":null}},{"start":{"line":136,"column":8},"end":{"line":136,"column":null}}],"line":135}},"s":{"0":1,"1":1,"2":1,"3":1,"4":1,"5":1,"6":1,"7":1,"8":1,"9":1,"10":2,"11":1,"12":1,"13":1,"14":1,"15":1,"16":2,"17":2,"18":2,"19":2,"20":2,"21":2,"22":2,"23":1,"24":1,"25":1,"26":0,"27":0,"28":0,"29":0,"30":0,"31":0,"32":1,"33":1,"34":1,"35":2,"36":0,"37":2,"38":1,"39":2,"40":0,"41":0,"42":0,"43":0,"44":0,"45":0,"46":2,"47":1,"48":1,"49":0,"50":2,"51":0},"f":{"0":1,"1":1,"2":2,"3":1,"4":1,"5":2,"6":1,"7":0,"8":2,"9":0,"10":0,"11":0,"12":2,"13":0},"b":{"0":[2,0],"1":[2,0],"2":[0,2],"3":[2,2,2],"4":[2,0],"5":[0,0],"6":[2,2,2,2],"7":[1,0],"8":[0,0],"9":[0,0],"10":[0,0],"11":[0,2],"12":[1,1],"13":[0,0],"14":[0,0],"15":[0,0],"16":[1,1],"17":[0,1],"18":[1,1],"19":[1,1],"20":[1,0],"21":[1,1,1,1]},"meta":{"lastBranch":22,"lastFunction":14,"lastStatement":52,"seen":{"f:17:24:17:34":0,"s:18:52:18:Infinity":0,"s:19:8:19:Infinity":1,"s:22:36:22:Infinity":2,"s:23:34:23:Infinity":3,"s:24:32:24:Infinity":4,"s:25:32:25:Infinity":5,"s:26:28:26:Infinity":6,"s:29:38:29:Infinity":7,"s:32:8:35:Infinity":8,"f:32:30:32:36":1,"s:33:17:33:Infinity":9,"f:33:29:33:34":2,"s:33:34:33:47":10,"s:34:4:34:Infinity":11,"s:38:2:38:Infinity":12,"f:38:12:38:18":3,"s:38:20:38:41":13,"s:41:8:53:Infinity":14,"f:41:27:41:33":4,"s:42:4:52:Infinity":15,"f:42:26:42:31":5,"s:43:26:43:Infinity":16,"s:44:26:44:Infinity":17,"b:44:26:44:50:44:50:44:Infinity":0,"s:45:25:45:Infinity":18,"b:45:25:45:48:45:48:45:Infinity":1,"s:47:18:47:Infinity":19,"s:48:23:48:Infinity":20,"b:48:72:48:79:48:79:48:Infinity":2,"b:48:23:48:37:48:37:48:50:48:50:48:72":3,"s:49:29:49:Infinity":21,"b:49:47:49:55:49:55:49:Infinity":4,"b:49:55:49:75:49:75:49:Infinity":5,"s:51:6:51:Infinity":22,"b:51:13:51:28:51:28:51:45:51:45:51:60:51:60:51:Infinity":6,"s:56:8:65:Infinity":23,"f:56:25:56:31":6,"b:57:4:57:Infinity:undefined:undefined:undefined:undefined":7,"s:57:4:57:Infinity":24,"s:57:31:57:Infinity":25,"s:58:4:64:Infinity":26,"f:58:30:58:31":7,"b:59:6:59:Infinity:undefined:undefined:undefined:undefined":8,"s:59:6:59:Infinity":27,"s:59:30:59:Infinity":28,"s:61:17:61:Infinity":29,"b:61:17:61:41:61:41:61:Infinity":9,"s:62:17:62:Infinity":30,"b:62:17:62:41:62:41:62:Infinity":10,"s:63:6:63:Infinity":31,"s:68:23:68:Infinity":32,"s:71:8:71:Infinity":33,"s:77:8:93:Infinity":34,"f:77:36:77:44":8,"b:78:4:78:Infinity:undefined:undefined:undefined:undefined":11,"s:78:4:78:Infinity":35,"s:78:17:78:Infinity":36,"b:79:4:79:Infinity:undefined:undefined:undefined:undefined":12,"s:79:4:79:Infinity":37,"s:79:26:79:Infinity":38,"s:81:4:91:Infinity":39,"f:81:48:81:59":9,"b:82:6:90:Infinity:undefined:undefined:undefined:undefined":13,"s:82:6:90:Infinity":40,"b:84:8:89:Infinity:86:8:89:Infinity":14,"s:84:8:89:Infinity":41,"s:85:10:85:Infinity":42,"f:85:26:85:34":10,"s:85:34:85:43":43,"b:86:8:89:Infinity:undefined:undefined:undefined:undefined":15,"s:86:8:89:Infinity":44,"s:88:10:88:Infinity":45,"b:92:4:92:Infinity:undefined:undefined:undefined:undefined":16,"s:92:4:92:Infinity":46,"s:92:14:92:Infinity":47,"s:95:2:138:Infinity":48,"f:101:18:101:19":11,"s:101:25:101:Infinity":49,"b:114:8:114:Infinity:116:8:131:Infinity":17,"b:113:7:113:19:113:19:113:Infinity":18,"f:117:28:117:29":12,"s:118:12:129:Infinity":50,"b:118:75:118:91:118:91:118:Infinity":19,"f:122:25:122:31":13,"s:122:31:127:Infinity":51,"b:133:7:133:18:133:18:133:Infinity":20,"b:135:7:135:19:135:19:135:37:135:37:135:Infinity:136:8:136:Infinity":21}}}
,"/home/gabriele/GitHub/AppWebExam/my-scout-app/my-scout-app/src/views/pages/SearchResults.jsx": {"path":"/home/gabriele/GitHub/AppWebExam/my-scout-app/my-scout-app/src/views/pages/SearchResults.jsx","statementMap":{"0":{"start":{"line":14,"column":21},"end":{"line":14,"column":null}},"1":{"start":{"line":15,"column":21},"end":{"line":15,"column":null}},"2":{"start":{"line":16,"column":21},"end":{"line":16,"column":null}},"3":{"start":{"line":18,"column":43},"end":{"line":18,"column":null}},"4":{"start":{"line":19,"column":8},"end":{"line":19,"column":null}},"5":{"start":{"line":21,"column":2},"end":{"line":21,"column":null}},"6":{"start":{"line":21,"column":15},"end":{"line":21,"column":null}},"7":{"start":{"line":24,"column":2},"end":{"line":31,"column":null}},"8":{"start":{"line":25,"column":4},"end":{"line":29,"column":null}},"9":{"start":{"line":34,"column":25},"end":{"line":34,"column":null}},"10":{"start":{"line":37,"column":21},"end":{"line":39,"column":null}},"11":{"start":{"line":41,"column":2},"end":{"line":93,"column":null}},"12":{"start":{"line":55,"column":14},"end":{"line":56,"column":null}},"13":{"start":{"line":56,"column":31},"end":{"line":56,"column":63}},"14":{"start":{"line":68,"column":14},"end":{"line":70,"column":null}},"15":{"start":{"line":70,"column":31},"end":{"line":70,"column":71}},"16":{"start":{"line":82,"column":14},"end":{"line":88,"column":null}},"17":{"start":{"line":85,"column":31},"end":{"line":85,"column":null}}},"fnMap":{"0":{"name":"SearchResults","decl":{"start":{"line":13,"column":24},"end":{"line":13,"column":40}},"loc":{"start":{"line":13,"column":40},"end":{"line":95,"column":null}},"line":13},"1":{"name":"(anonymous_1)","decl":{"start":{"line":54,"column":25},"end":{"line":54,"column":26}},"loc":{"start":{"line":55,"column":14},"end":{"line":56,"column":null}},"line":55},"2":{"name":"(anonymous_2)","decl":{"start":{"line":56,"column":25},"end":{"line":56,"column":31}},"loc":{"start":{"line":56,"column":31},"end":{"line":56,"column":63}},"line":56},"3":{"name":"(anonymous_3)","decl":{"start":{"line":67,"column":23},"end":{"line":67,"column":24}},"loc":{"start":{"line":68,"column":14},"end":{"line":70,"column":null}},"line":68},"4":{"name":"(anonymous_4)","decl":{"start":{"line":70,"column":25},"end":{"line":70,"column":31}},"loc":{"start":{"line":70,"column":31},"end":{"line":70,"column":71}},"line":70},"5":{"name":"(anonymous_5)","decl":{"start":{"line":81,"column":25},"end":{"line":81,"column":null}},"loc":{"start":{"line":82,"column":14},"end":{"line":88,"column":null}},"line":82},"6":{"name":"(anonymous_6)","decl":{"start":{"line":85,"column":25},"end":{"line":85,"column":31}},"loc":{"start":{"line":85,"column":31},"end":{"line":85,"column":null}},"line":85}},"branchMap":{"0":{"loc":{"start":{"line":15,"column":21},"end":{"line":15,"column":null}},"type":"binary-expr","locations":[{"start":{"line":15,"column":21},"end":{"line":15,"column":46}},{"start":{"line":15,"column":46},"end":{"line":15,"column":null}}],"line":15},"1":{"loc":{"start":{"line":16,"column":21},"end":{"line":16,"column":null}},"type":"binary-expr","locations":[{"start":{"line":16,"column":21},"end":{"line":16,"column":46}},{"start":{"line":16,"column":46},"end":{"line":16,"column":null}}],"line":16},"2":{"loc":{"start":{"line":21,"column":2},"end":{"line":21,"column":null}},"type":"if","locations":[{"start":{"line":21,"column":2},"end":{"line":21,"column":null}},{"start":{},"end":{}}],"line":21},"3":{"loc":{"start":{"line":24,"column":2},"end":{"line":31,"column":null}},"type":"if","locations":[{"start":{"line":24,"column":2},"end":{"line":31,"column":null}},{"start":{},"end":{}}],"line":24},"4":{"loc":{"start":{"line":24,"column":6},"end":{"line":24,"column":51}},"type":"binary-expr","locations":[{"start":{"line":24,"column":6},"end":{"line":24,"column":21}},{"start":{"line":24,"column":21},"end":{"line":24,"column":51}}],"line":24},"5":{"loc":{"start":{"line":37,"column":21},"end":{"line":39,"column":null}},"type":"cond-expr","locations":[{"start":{"line":38,"column":6},"end":{"line":38,"column":null}},{"start":{"line":39,"column":6},"end":{"line":39,"column":null}}],"line":37},"6":{"loc":{"start":{"line":39,"column":6},"end":{"line":39,"column":null}},"type":"binary-expr","locations":[{"start":{"line":39,"column":6},"end":{"line":39,"column":28}},{"start":{"line":39,"column":28},"end":{"line":39,"column":48}},{"start":{"line":39,"column":48},"end":{"line":39,"column":null}}],"line":39},"7":{"loc":{"start":{"line":44,"column":38},"end":{"line":44,"column":null}},"type":"cond-expr","locations":[{"start":{"line":44,"column":55},"end":{"line":44,"column":78}},{"start":{"line":44,"column":78},"end":{"line":44,"column":null}}],"line":44},"8":{"loc":{"start":{"line":47,"column":7},"end":{"line":47,"column":null}},"type":"binary-expr","locations":[{"start":{"line":47,"column":7},"end":{"line":47,"column":22}},{"start":{"line":47,"column":22},"end":{"line":47,"column":null}}],"line":47},"9":{"loc":{"start":{"line":50,"column":7},"end":{"line":59,"column":null}},"type":"binary-expr","locations":[{"start":{"line":50,"column":7},"end":{"line":50,"column":26}},{"start":{"line":50,"column":26},"end":{"line":50,"column":null}},{"start":{"line":51,"column":8},"end":{"line":59,"column":null}}],"line":50},"10":{"loc":{"start":{"line":63,"column":7},"end":{"line":73,"column":null}},"type":"binary-expr","locations":[{"start":{"line":63,"column":7},"end":{"line":63,"column":26}},{"start":{"line":63,"column":26},"end":{"line":63,"column":null}},{"start":{"line":64,"column":8},"end":{"line":73,"column":null}}],"line":63},"11":{"loc":{"start":{"line":69,"column":26},"end":{"line":69,"column":null}},"type":"cond-expr","locations":[{"start":{"line":69,"column":41},"end":{"line":69,"column":57}},{"start":{"line":69,"column":57},"end":{"line":69,"column":null}}],"line":69},"12":{"loc":{"start":{"line":77,"column":7},"end":{"line":91,"column":null}},"type":"binary-expr","locations":[{"start":{"line":77,"column":7},"end":{"line":77,"column":null}},{"start":{"line":78,"column":8},"end":{"line":91,"column":null}}],"line":77}},"s":{"0":1,"1":1,"2":1,"3":1,"4":1,"5":1,"6":0,"7":1,"8":0,"9":1,"10":1,"11":1,"12":0,"13":0,"14":1,"15":0,"16":0,"17":0},"f":{"0":1,"1":0,"2":0,"3":1,"4":0,"5":0,"6":0},"b":{"0":[1,0],"1":[1,1],"2":[0,1],"3":[0,1],"4":[1,1],"5":[0,1],"6":[1,1,0],"7":[0,1],"8":[1,0],"9":[1,1,0],"10":[1,1,1],"11":[0,1],"12":[1,0]},"meta":{"lastBranch":13,"lastFunction":7,"lastStatement":18,"seen":{"f:13:24:13:40":0,"s:14:21:14:Infinity":0,"s:15:21:15:Infinity":1,"b:15:21:15:46:15:46:15:Infinity":0,"s:16:21:16:Infinity":2,"b:16:21:16:46:16:46:16:Infinity":1,"s:18:43:18:Infinity":3,"s:19:8:19:Infinity":4,"b:21:2:21:Infinity:undefined:undefined:undefined:undefined":2,"s:21:2:21:Infinity":5,"s:21:15:21:Infinity":6,"b:24:2:31:Infinity:undefined:undefined:undefined:undefined":3,"s:24:2:31:Infinity":7,"b:24:6:24:21:24:21:24:51":4,"s:25:4:29:Infinity":8,"s:34:25:34:Infinity":9,"s:37:21:39:Infinity":10,"b:38:6:38:Infinity:39:6:39:Infinity":5,"b:39:6:39:28:39:28:39:48:39:48:39:Infinity":6,"s:41:2:93:Infinity":11,"b:44:55:44:78:44:78:44:Infinity":7,"b:47:7:47:22:47:22:47:Infinity":8,"b:50:7:50:26:50:26:50:Infinity:51:8:59:Infinity":9,"f:54:25:54:26":1,"s:55:14:56:Infinity":12,"f:56:25:56:31":2,"s:56:31:56:63":13,"b:63:7:63:26:63:26:63:Infinity:64:8:73:Infinity":10,"f:67:23:67:24":3,"s:68:14:70:Infinity":14,"b:69:41:69:57:69:57:69:Infinity":11,"f:70:25:70:31":4,"s:70:31:70:71":15,"b:77:7:77:Infinity:78:8:91:Infinity":12,"f:81:25:81:Infinity":5,"s:82:14:88:Infinity":16,"f:85:25:85:31":6,"s:85:31:85:Infinity":17}}}
,"/home/gabriele/GitHub/AppWebExam/my-scout-app/my-scout-app/src/views/pages/Series.jsx": {"path":"/home/gabriele/GitHub/AppWebExam/my-scout-app/my-scout-app/src/views/pages/Series.jsx","statementMap":{"0":{"start":{"line":11,"column":38},"end":{"line":11,"column":null}},"1":{"start":{"line":12,"column":8},"end":{"line":12,"column":null}},"2":{"start":{"line":14,"column":2},"end":{"line":14,"column":null}},"3":{"start":{"line":14,"column":15},"end":{"line":14,"column":null}},"4":{"start":{"line":16,"column":2},"end":{"line":43,"column":null}},"5":{"start":{"line":21,"column":10},"end":{"line":40,"column":null}},"6":{"start":{"line":29,"column":31},"end":{"line":29,"column":null}},"7":{"start":{"line":35,"column":31},"end":{"line":35,"column":null}}},"fnMap":{"0":{"name":"Series","decl":{"start":{"line":10,"column":24},"end":{"line":10,"column":33}},"loc":{"start":{"line":10,"column":33},"end":{"line":45,"column":null}},"line":10},"1":{"name":"(anonymous_1)","decl":{"start":{"line":20,"column":21},"end":{"line":20,"column":null}},"loc":{"start":{"line":21,"column":10},"end":{"line":40,"column":null}},"line":21},"2":{"name":"(anonymous_2)","decl":{"start":{"line":29,"column":25},"end":{"line":29,"column":31}},"loc":{"start":{"line":29,"column":31},"end":{"line":29,"column":null}},"line":29},"3":{"name":"(anonymous_3)","decl":{"start":{"line":35,"column":25},"end":{"line":35,"column":31}},"loc":{"start":{"line":35,"column":31},"end":{"line":35,"column":null}},"line":35}},"branchMap":{"0":{"loc":{"start":{"line":14,"column":2},"end":{"line":14,"column":null}},"type":"if","locations":[{"start":{"line":14,"column":2},"end":{"line":14,"column":null}},{"start":{},"end":{}}],"line":14}},"s":{"0":2,"1":2,"2":2,"3":1,"4":1,"5":1,"6":0,"7":0},"f":{"0":2,"1":1,"2":0,"3":0},"b":{"0":[1,1]},"meta":{"lastBranch":1,"lastFunction":4,"lastStatement":8,"seen":{"f:10:24:10:33":0,"s:11:38:11:Infinity":0,"s:12:8:12:Infinity":1,"b:14:2:14:Infinity:undefined:undefined:undefined:undefined":0,"s:14:2:14:Infinity":2,"s:14:15:14:Infinity":3,"s:16:2:43:Infinity":4,"f:20:21:20:Infinity":1,"s:21:10:40:Infinity":5,"f:29:25:29:31":2,"s:29:31:29:Infinity":6,"f:35:25:35:31":3,"s:35:31:35:Infinity":7}}}
,"/home/gabriele/GitHub/AppWebExam/my-scout-app/my-scout-app/src/views/pages/Teams.jsx": {"path":"/home/gabriele/GitHub/AppWebExam/my-scout-app/my-scout-app/src/views/pages/Teams.jsx","statementMap":{"0":{"start":{"line":12,"column":25},"end":{"line":12,"column":null}},"1":{"start":{"line":13,"column":8},"end":{"line":13,"column":null}},"2":{"start":{"line":15,"column":2},"end":{"line":15,"column":null}},"3":{"start":{"line":15,"column":15},"end":{"line":15,"column":null}},"4":{"start":{"line":17,"column":2},"end":{"line":39,"column":null}},"5":{"start":{"line":29,"column":10},"end":{"line":36,"column":null}},"6":{"start":{"line":32,"column":27},"end":{"line":32,"column":null}}},"fnMap":{"0":{"name":"Teams","decl":{"start":{"line":11,"column":24},"end":{"line":11,"column":32}},"loc":{"start":{"line":11,"column":32},"end":{"line":41,"column":null}},"line":11},"1":{"name":"(anonymous_1)","decl":{"start":{"line":28,"column":27},"end":{"line":28,"column":null}},"loc":{"start":{"line":29,"column":10},"end":{"line":36,"column":null}},"line":29},"2":{"name":"(anonymous_2)","decl":{"start":{"line":32,"column":21},"end":{"line":32,"column":27}},"loc":{"start":{"line":32,"column":27},"end":{"line":32,"column":null}},"line":32}},"branchMap":{"0":{"loc":{"start":{"line":15,"column":2},"end":{"line":15,"column":null}},"type":"if","locations":[{"start":{"line":15,"column":2},"end":{"line":15,"column":null}},{"start":{},"end":{}}],"line":15},"1":{"loc":{"start":{"line":19,"column":54},"end":{"line":24,"column":null}},"type":"binary-expr","locations":[{"start":{"line":21,"column":8},"end":{"line":21,"column":18}},{"start":{"line":21,"column":18},"end":{"line":21,"column":41}},{"start":{"line":21,"column":41},"end":{"line":21,"column":null}},{"start":{"line":22,"column":8},"end":{"line":24,"column":null}}],"line":19},"2":{"loc":{"start":{"line":28,"column":10},"end":{"line":28,"column":23}},"type":"binary-expr","locations":[{"start":{"line":28,"column":10},"end":{"line":28,"column":19}},{"start":{"line":28,"column":19},"end":{"line":28,"column":23}}],"line":28}},"s":{"0":4,"1":4,"2":4,"3":2,"4":2,"5":1,"6":0},"f":{"0":4,"1":1,"2":0},"b":{"0":[2,2],"1":[2,2,1,1],"2":[4,0]},"meta":{"lastBranch":3,"lastFunction":3,"lastStatement":7,"seen":{"f:11:24:11:32":0,"s:12:25:12:Infinity":0,"s:13:8:13:Infinity":1,"b:15:2:15:Infinity:undefined:undefined:undefined:undefined":0,"s:15:2:15:Infinity":2,"s:15:15:15:Infinity":3,"s:17:2:39:Infinity":4,"b:21:8:21:18:21:18:21:41:21:41:21:Infinity:22:8:24:Infinity":1,"b:28:10:28:19:28:19:28:23":2,"f:28:27:28:Infinity":1,"s:29:10:36:Infinity":5,"f:32:21:32:27":2,"s:32:27:32:Infinity":6}}}
}
